2024-10-02 09:51:31,976: PyTorch version: 1.13.1+cu117
2024-10-02 09:51:31,977: CUDA version: 11.7
2024-10-02 09:51:31,993: 1 GPUs, default cuda
2024-10-02 09:51:31,997: {'GAN_noise_size': 0,
 'batch_size': 256,
 'config': 'config/trimodal_2D.yml',
 'dimension': 2,
 'discriminator_lr_weight': 0.2,
 'dropout_prob': 0.3,
 'epochs': 100,
 'eval_net_path': 'output/train_h36m_gesture_autoencoder/2D_retrain_h36m_gesture_autoencoder/new_2D_gesture_autoencoder_checkpoint_best.bin',
 'freeze_wordembed': False,
 'hidden_size': 300,
 'input_context': 'both',
 'learning_rate': 0.0005,
 'loader_workers': 4,
 'loss_gan_weight': 5.0,
 'loss_kld_weight': 0.1,
 'loss_reg_weight': 0.05,
 'loss_regression_weight': 500.0,
 'loss_warmup': 10,
 'mean_dir_vec_2d': [[0.0154009],
                     [-0.9690125],
                     [-0.0022264],
                     [-0.8655276],
                     [-0.0035145],
                     [-0.8755367],
                     [-0.9236511],
                     [0.3061306],
                     [-0.5155854],
                     [0.8129665],
                     [0.2348464],
                     [0.1846561],
                     [0.9271948],
                     [0.2960011],
                     [0.5233978],
                     [0.8092403],
                     [-0.2037076],
                     [0.1924306]],
 'mean_dir_vec_3d': [[0.0154009],
                     [-0.9690125],
                     [-0.0884354],
                     [-0.0022264],
                     [-0.8655276],
                     [0.4342174],
                     [-0.0035145],
                     [-0.8755367],
                     [-0.4121039],
                     [-0.9236511],
                     [0.3061306],
                     [-0.0012415],
                     [-0.5155854],
                     [0.8129665],
                     [0.0871897],
                     [0.2348464],
                     [0.1846561],
                     [0.8091402],
                     [0.9271948],
                     [0.2960011],
                     [-0.013189],
                     [0.5233978],
                     [0.8092403],
                     [0.0725451],
                     [-0.2037076],
                     [0.1924306],
                     [0.8196916]],
 'mean_pose_2d': [[3.06e-05],
                  [0.0004946],
                  [0.0033759],
                  [-0.2051629],
                  [0.0031566],
                  [-0.3054764],
                  [0.0029072],
                  [-0.4254303],
                  [-0.1458413],
                  [-0.1505532],
                  [-0.2835603],
                  [0.0670333],
                  [-0.2280813],
                  [0.112117],
                  [0.1523502],
                  [-0.1521499],
                  [0.291909],
                  [0.0644232],
                  [0.2452035],
                  [0.1115339]],
 'mean_pose_3d': [[3.06e-05],
                  [0.0004946],
                  [0.0008437],
                  [0.0033759],
                  [-0.2051629],
                  [-0.0143453],
                  [0.0031566],
                  [-0.3054764],
                  [0.0411491],
                  [0.0029072],
                  [-0.4254303],
                  [-0.001311],
                  [-0.1458413],
                  [-0.1505532],
                  [-0.0138192],
                  [-0.2835603],
                  [0.0670333],
                  [0.0107002],
                  [-0.2280813],
                  [0.112117],
                  [0.2087789],
                  [0.1523502],
                  [-0.1521499],
                  [-0.0161503],
                  [0.291909],
                  [0.0644232],
                  [0.0040145],
                  [0.2452035],
                  [0.1115339],
                  [0.2051307]],
 'model': 'multimodal_context',
 'model_save_path': 'output/train_multimodal_context/2D_multimodal-checkpoint',
 'motion_resampling_framerate': 15,
 'n_layers': 4,
 'n_poses': 34,
 'n_pre_poses': 4,
 'name': 'trimodal-2D-both',
 'pose_dim': 18,
 'pose_representation': '3d_vec',
 'random_seed': -1,
 'restart_from_checkpoint': False,
 'save_result_video': True,
 'subdivision_stride': 10,
 'tb_logdir': 'output/t',
 'tb_path': None,
 'test_data_path': ['/data/guichoux/TED/ted_dataset/lmdb_test'],
 'train_data_path': ['/data/guichoux/TED/ted_dataset/lmdb_train'],
 'val_data_path': ['/data/guichoux/TED/ted_dataset/lmdb_val'],
 'wordembed_dim': 300,
 'wordembed_path': '/data/guichoux/TED/fasttext/crawl-300d-2M-subword.bin',
 'z_type': 'speaker'}
2024-10-02 09:51:31,998: Context both
2024-10-02 09:51:31,998: Reading data '/data/guichoux/TED/ted_dataset/lmdb_train'...
2024-10-02 09:51:32,002: Found the cache /data/guichoux/TED/ted_dataset/lmdb_train_cache
2024-10-02 09:51:32,007: Reading data '/data/guichoux/TED/ted_dataset/lmdb_val'...
2024-10-02 09:51:32,008: Found the cache /data/guichoux/TED/ted_dataset/lmdb_val_cache
2024-10-02 09:51:32,009: Reading data '/data/guichoux/TED/ted_dataset/lmdb_test'...
2024-10-02 09:51:32,010: Found the cache /data/guichoux/TED/ted_dataset/lmdb_test_cache
2024-10-02 09:51:32,013:   building a language model...
2024-10-02 09:51:32,014:     loaded from /data/guichoux/TED/ted_dataset/vocab_cache.pkl
/home/guichoux/.conda/envs/tedyoon/lib/python3.7/site-packages/librosa/filters.py:239: UserWarning: Empty filters detected in mel frequency basis. Some channels will produce empty responses. Try increasing your sampling rate (and fmax) or reducing n_mels.
  "Empty filters detected in mel frequency basis. "
2024-10-02 09:54:17,498: [VAL] joint mae: 0.04797, accel diff: 0.00970, FGD: 251.124, diversity_score: 26.993, BC: 0.784, BC 0.07: 0.782, Symetric_BC: 1.581, feat_D: 85.506 / 162.2s
2024-10-02 09:54:17,499:   *** BEST VALIDATION LOSS: 251.124
2024-10-02 09:54:19,206: Saved the checkpoint
2024-10-02 09:54:34,995: EP 0 (156) |    3m 2s, 3405 samples/s | loss: 34.650, KLD: 0.008, DIV_REG: -0.417, 
2024-10-02 09:54:46,721: EP 0 (312) |   3m 14s, 3368 samples/s | loss: 21.252, KLD: 0.006, DIV_REG: -0.203, 
2024-10-02 09:54:58,627: EP 0 (468) |   3m 26s, 3236 samples/s | loss: 19.854, KLD: 0.006, DIV_REG: -0.170, 
2024-10-02 09:55:10,712: EP 0 (624) |   3m 38s, 3224 samples/s | loss: 19.169, KLD: 0.006, DIV_REG: -0.157, 
2024-10-02 09:55:22,950: EP 0 (780) |   3m 50s, 3421 samples/s | loss: 18.814, KLD: 0.006, DIV_REG: -0.149, 
2024-10-02 09:58:05,237: [VAL] joint mae: 0.02254, accel diff: 0.00264, FGD: 101.295, diversity_score: 77.250, BC: 0.776, BC 0.07: 0.712, Symetric_BC: 1.572, feat_D: 56.090 / 161.8s
2024-10-02 09:58:05,238:   *** BEST VALIDATION LOSS: 101.295
2024-10-02 09:58:06,881: Saved the checkpoint
2024-10-02 09:58:19,545: EP 1 (156) |   6m 47s, 3237 samples/s | loss: 18.586, KLD: 0.007, DIV_REG: -0.142, 
2024-10-02 09:58:31,869: EP 1 (312) |   6m 59s, 3369 samples/s | loss: 18.451, KLD: 0.008, DIV_REG: -0.143, 
2024-10-02 09:58:44,138: EP 1 (468) |   7m 12s, 3382 samples/s | loss: 18.349, KLD: 0.010, DIV_REG: -0.148, 
2024-10-02 09:58:56,484: EP 1 (624) |   7m 24s, 3108 samples/s | loss: 18.169, KLD: 0.012, DIV_REG: -0.159, 
2024-10-02 09:59:09,259: EP 1 (780) |   7m 37s, 3413 samples/s | loss: 17.902, KLD: 0.015, DIV_REG: -0.178, 
2024-10-02 10:01:44,421: [VAL] joint mae: 0.02195, accel diff: 0.00262, FGD: 88.829, diversity_score: 78.902, BC: 0.769, BC 0.07: 0.705, Symetric_BC: 1.564, feat_D: 55.118 / 154.6s
2024-10-02 10:01:44,422:   *** BEST VALIDATION LOSS: 88.829
2024-10-02 10:01:46,071: Saved the checkpoint
2024-10-02 10:01:58,602: EP 2 (156) |  10m 26s, 3388 samples/s | loss: 17.612, KLD: 0.018, DIV_REG: -0.189, 
2024-10-02 10:02:10,453: EP 2 (312) |  10m 38s, 3420 samples/s | loss: 17.466, KLD: 0.022, DIV_REG: -0.197, 
2024-10-02 10:02:22,479: EP 2 (468) |  10m 50s, 3392 samples/s | loss: 17.215, KLD: 0.025, DIV_REG: -0.202, 
2024-10-02 10:02:34,525: EP 2 (624) |   11m 2s, 3381 samples/s | loss: 17.196, KLD: 0.028, DIV_REG: -0.210, 
2024-10-02 10:02:46,830: EP 2 (780) |  11m 14s, 3427 samples/s | loss: 17.080, KLD: 0.032, DIV_REG: -0.221, 
2024-10-02 10:05:32,914: [VAL] joint mae: 0.02132, accel diff: 0.00268, FGD: 73.994, diversity_score: 83.339, BC: 0.759, BC 0.07: 0.704, Symetric_BC: 1.556, feat_D: 54.320 / 165.5s
2024-10-02 10:05:32,915:   *** BEST VALIDATION LOSS: 73.994
2024-10-02 10:05:34,583: Saved the checkpoint
2024-10-02 10:05:47,259: EP 3 (156) |  14m 15s, 3245 samples/s | loss: 16.744, KLD: 0.035, DIV_REG: -0.238, 
2024-10-02 10:05:59,459: EP 3 (312) |  14m 27s, 3384 samples/s | loss: 16.660, KLD: 0.038, DIV_REG: -0.240, 
2024-10-02 10:06:12,142: EP 3 (468) |  14m 40s, 3165 samples/s | loss: 16.683, KLD: 0.042, DIV_REG: -0.250, 
2024-10-02 10:06:24,764: EP 3 (624) |  14m 52s, 3335 samples/s | loss: 16.586, KLD: 0.045, DIV_REG: -0.265, 
2024-10-02 10:06:38,851: EP 3 (780) |   15m 6s, 3412 samples/s | loss: 16.520, KLD: 0.049, DIV_REG: -0.271, 
2024-10-02 10:09:23,475: [VAL] joint mae: 0.02096, accel diff: 0.00270, FGD: 69.854, diversity_score: 78.477, BC: 0.753, BC 0.07: 0.700, Symetric_BC: 1.550, feat_D: 53.876 / 164.0s
2024-10-02 10:09:23,476:   *** BEST VALIDATION LOSS: 69.854
2024-10-02 10:09:25,130: Saved the checkpoint
2024-10-02 10:09:38,239: EP 4 (156) |   18m 6s, 3410 samples/s | loss: 16.158, KLD: 0.051, DIV_REG: -0.290, 
2024-10-02 10:09:50,264: EP 4 (312) |  18m 18s, 3401 samples/s | loss: 16.112, KLD: 0.054, DIV_REG: -0.313, 
2024-10-02 10:10:02,055: EP 4 (468) |  18m 29s, 3418 samples/s | loss: 16.085, KLD: 0.057, DIV_REG: -0.314, 
2024-10-02 10:10:13,839: EP 4 (624) |  18m 41s, 3385 samples/s | loss: 16.074, KLD: 0.059, DIV_REG: -0.328, 
2024-10-02 10:10:25,705: EP 4 (780) |  18m 53s, 3411 samples/s | loss: 16.076, KLD: 0.061, DIV_REG: -0.333, 
2024-10-02 10:13:09,212: [VAL] joint mae: 0.02116, accel diff: 0.00271, FGD: 60.536, diversity_score: 81.913, BC: 0.753, BC 0.07: 0.705, Symetric_BC: 1.551, feat_D: 54.306 / 163.0s
2024-10-02 10:13:09,213:   *** BEST VALIDATION LOSS: 60.536
2024-10-02 10:13:10,870: Saved the checkpoint
2024-10-02 10:13:23,710: EP 5 (156) |  21m 51s, 3393 samples/s | loss: 15.746, KLD: 0.063, DIV_REG: -0.358, 
2024-10-02 10:13:36,884: EP 5 (312) |   22m 4s, 3417 samples/s | loss: 15.617, KLD: 0.065, DIV_REG: -0.367, 
2024-10-02 10:13:48,752: EP 5 (468) |  22m 16s, 3406 samples/s | loss: 15.704, KLD: 0.066, DIV_REG: -0.376, 
2024-10-02 10:14:00,909: EP 5 (624) |  22m 28s, 3257 samples/s | loss: 15.614, KLD: 0.068, DIV_REG: -0.385, 
2024-10-02 10:14:12,938: EP 5 (780) |  22m 40s, 3418 samples/s | loss: 15.633, KLD: 0.069, DIV_REG: -0.392, 
2024-10-02 10:16:57,537: [VAL] joint mae: 0.02101, accel diff: 0.00265, FGD: 62.080, diversity_score: 80.881, BC: 0.752, BC 0.07: 0.702, Symetric_BC: 1.548, feat_D: 54.043 / 164.1s
2024-10-02 10:16:57,538:   best validation loss so far: 60.536 at EPOCH 5
2024-10-02 10:17:10,202: EP 6 (156) |  25m 38s, 3405 samples/s | loss: 15.241, KLD: 0.071, DIV_REG: -0.410, 
2024-10-02 10:17:21,995: EP 6 (312) |  25m 49s, 3409 samples/s | loss: 15.290, KLD: 0.072, DIV_REG: -0.425, 
2024-10-02 10:17:33,873: EP 6 (468) |   26m 1s, 3276 samples/s | loss: 15.286, KLD: 0.073, DIV_REG: -0.426, 
2024-10-02 10:17:45,777: EP 6 (624) |  26m 13s, 3363 samples/s | loss: 15.258, KLD: 0.074, DIV_REG: -0.436, 
2024-10-02 10:17:57,917: EP 6 (780) |  26m 25s, 3388 samples/s | loss: 15.232, KLD: 0.074, DIV_REG: -0.438, 
2024-10-02 10:20:43,971: [VAL] joint mae: 0.02110, accel diff: 0.00264, FGD: 60.563, diversity_score: 83.747, BC: 0.751, BC 0.07: 0.700, Symetric_BC: 1.548, feat_D: 54.325 / 165.5s
2024-10-02 10:20:43,974:   best validation loss so far: 60.536 at EPOCH 5
2024-10-02 10:20:57,567: EP 7 (156) |  29m 25s, 3159 samples/s | loss: 14.956, KLD: 0.075, DIV_REG: -0.466, 
2024-10-02 10:21:09,687: EP 7 (312) |  29m 37s, 3321 samples/s | loss: 14.889, KLD: 0.076, DIV_REG: -0.478, 
2024-10-02 10:21:22,106: EP 7 (468) |  29m 50s, 3320 samples/s | loss: 14.939, KLD: 0.076, DIV_REG: -0.478, 
2024-10-02 10:21:34,540: EP 7 (624) |   30m 2s, 3384 samples/s | loss: 14.889, KLD: 0.076, DIV_REG: -0.481, 
2024-10-02 10:21:46,947: EP 7 (780) |  30m 14s, 3421 samples/s | loss: 14.886, KLD: 0.076, DIV_REG: -0.492, 
2024-10-02 10:24:30,482: [VAL] joint mae: 0.02110, accel diff: 0.00269, FGD: 50.294, diversity_score: 81.955, BC: 0.751, BC 0.07: 0.710, Symetric_BC: 1.547, feat_D: 54.654 / 163.0s
2024-10-02 10:24:30,483:   *** BEST VALIDATION LOSS: 50.294
2024-10-02 10:24:32,136: Saved the checkpoint
2024-10-02 10:24:44,467: EP 8 (156) |  33m 12s, 3434 samples/s | loss: 14.570, KLD: 0.076, DIV_REG: -0.503, 
2024-10-02 10:24:56,449: EP 8 (312) |  33m 24s, 3079 samples/s | loss: 14.573, KLD: 0.077, DIV_REG: -0.524, 
2024-10-02 10:25:08,621: EP 8 (468) |  33m 36s, 3301 samples/s | loss: 14.584, KLD: 0.077, DIV_REG: -0.518, 
2024-10-02 10:25:20,855: EP 8 (624) |  33m 48s, 3083 samples/s | loss: 14.637, KLD: 0.077, DIV_REG: -0.528, 
2024-10-02 10:25:32,862: EP 8 (780) |   34m 0s, 3418 samples/s | loss: 14.607, KLD: 0.078, DIV_REG: -0.532, 
2024-10-02 10:28:14,565: [VAL] joint mae: 0.02115, accel diff: 0.00270, FGD: 49.422, diversity_score: 84.041, BC: 0.751, BC 0.07: 0.713, Symetric_BC: 1.547, feat_D: 54.762 / 161.1s
2024-10-02 10:28:14,566:   *** BEST VALIDATION LOSS: 49.422
2024-10-02 10:28:18,561: Saved the checkpoint
2024-10-02 10:28:31,144: EP 9 (156) |  36m 59s, 3384 samples/s | loss: 14.216, KLD: 0.077, DIV_REG: -0.559, 
2024-10-02 10:28:43,063: EP 9 (312) |  37m 10s, 3229 samples/s | loss: 14.255, KLD: 0.078, DIV_REG: -0.560, 
2024-10-02 10:28:55,255: EP 9 (468) |  37m 23s, 3389 samples/s | loss: 14.291, KLD: 0.078, DIV_REG: -0.561, 
2024-10-02 10:29:07,377: EP 9 (624) |  37m 35s, 3386 samples/s | loss: 14.270, KLD: 0.078, DIV_REG: -0.565, 
2024-10-02 10:29:19,587: EP 9 (780) |  37m 47s, 3415 samples/s | loss: 14.363, KLD: 0.078, DIV_REG: -0.579, 
2024-10-02 10:32:05,304: [VAL] joint mae: 0.02131, accel diff: 0.00269, FGD: 48.820, diversity_score: 83.612, BC: 0.754, BC 0.07: 0.716, Symetric_BC: 1.550, feat_D: 55.083 / 165.2s
2024-10-02 10:32:05,305:   *** BEST VALIDATION LOSS: 48.820
2024-10-02 10:32:07,344: Saved the checkpoint
2024-10-02 10:32:19,672: EP 10 (156) |  40m 47s, 3482 samples/s | loss: 13.965, KLD: 0.078, DIV_REG: -0.595, 
2024-10-02 10:32:31,265: EP 10 (312) |  40m 59s, 3444 samples/s | loss: 13.906, KLD: 0.079, DIV_REG: -0.607, 
2024-10-02 10:32:42,898: EP 10 (468) |  41m 10s, 3410 samples/s | loss: 14.018, KLD: 0.079, DIV_REG: -0.604, 
2024-10-02 10:32:54,927: EP 10 (624) |  41m 22s, 3404 samples/s | loss: 14.039, KLD: 0.079, DIV_REG: -0.610, 
2024-10-02 10:33:06,646: EP 10 (780) |  41m 34s, 3426 samples/s | loss: 14.108, KLD: 0.079, DIV_REG: -0.619, 
2024-10-02 10:35:51,376: [VAL] joint mae: 0.02126, accel diff: 0.00269, FGD: 47.663, diversity_score: 88.305, BC: 0.757, BC 0.07: 0.715, Symetric_BC: 1.554, feat_D: 55.005 / 164.2s
2024-10-02 10:35:51,377:   *** BEST VALIDATION LOSS: 47.663
2024-10-02 10:35:53,042: Saved the checkpoint
2024-10-02 10:36:10,988: EP 11 (156) |  44m 38s, 2041 samples/s | loss: 13.633, gen: 3.516, dis: 1.383, KLD: 0.079, DIV_REG: -0.633, 
2024-10-02 10:36:28,931: EP 11 (312) |  44m 56s, 2213 samples/s | loss: 13.779, gen: 3.541, dis: 1.379, KLD: 0.079, DIV_REG: -0.660, 
2024-10-02 10:36:47,160: EP 11 (468) |  45m 15s, 2087 samples/s | loss: 13.986, gen: 3.656, dis: 1.363, KLD: 0.080, DIV_REG: -0.705, 
2024-10-02 10:37:05,431: EP 11 (624) |  45m 33s, 2192 samples/s | loss: 14.140, gen: 3.687, dis: 1.357, KLD: 0.081, DIV_REG: -0.727, 
2024-10-02 10:37:23,337: EP 11 (780) |  45m 51s, 2581 samples/s | loss: 14.243, gen: 3.696, dis: 1.352, KLD: 0.082, DIV_REG: -0.766, 
2024-10-02 10:40:07,585: [VAL] joint mae: 0.02209, accel diff: 0.00304, FGD: 32.503, diversity_score: 88.050, BC: 0.750, BC 0.07: 0.729, Symetric_BC: 1.546, feat_D: 57.328 / 163.7s
2024-10-02 10:40:07,586:   *** BEST VALIDATION LOSS: 32.503
2024-10-02 10:40:09,248: Saved the checkpoint
2024-10-02 10:40:26,566: EP 12 (156) |  48m 54s, 2265 samples/s | loss: 13.811, gen: 3.716, dis: 1.349, KLD: 0.082, DIV_REG: -0.814, 
2024-10-02 10:40:43,730: EP 12 (312) |  49m 11s, 2211 samples/s | loss: 13.965, gen: 3.715, dis: 1.347, KLD: 0.083, DIV_REG: -0.811, 
2024-10-02 10:41:00,843: EP 12 (468) |  49m 28s, 2518 samples/s | loss: 13.938, gen: 3.720, dis: 1.346, KLD: 0.082, DIV_REG: -0.812, 
2024-10-02 10:41:17,369: EP 12 (624) |  49m 45s, 2273 samples/s | loss: 14.044, gen: 3.734, dis: 1.344, KLD: 0.082, DIV_REG: -0.822, 
2024-10-02 10:41:34,472: EP 12 (780) |   50m 2s, 2574 samples/s | loss: 14.055, gen: 3.749, dis: 1.342, KLD: 0.083, DIV_REG: -0.841, 
2024-10-02 10:44:17,371: [VAL] joint mae: 0.02218, accel diff: 0.00315, FGD: 31.641, diversity_score: 89.330, BC: 0.748, BC 0.07: 0.730, Symetric_BC: 1.543, feat_D: 57.577 / 162.3s
2024-10-02 10:44:17,372:   *** BEST VALIDATION LOSS: 31.641
2024-10-02 10:44:19,026: Saved the checkpoint
2024-10-02 10:44:35,808: EP 13 (156) |   53m 3s, 2584 samples/s | loss: 13.605, gen: 3.733, dis: 1.344, KLD: 0.084, DIV_REG: -0.876, 
2024-10-02 10:44:51,371: EP 13 (312) |  53m 19s, 2564 samples/s | loss: 13.756, gen: 3.742, dis: 1.343, KLD: 0.084, DIV_REG: -0.877, 
2024-10-02 10:45:07,008: EP 13 (468) |  53m 34s, 2565 samples/s | loss: 13.785, gen: 3.731, dis: 1.345, KLD: 0.084, DIV_REG: -0.877, 
2024-10-02 10:45:22,726: EP 13 (624) |  53m 50s, 2553 samples/s | loss: 13.929, gen: 3.731, dis: 1.345, KLD: 0.084, DIV_REG: -0.900, 
2024-10-02 10:45:38,458: EP 13 (780) |   54m 6s, 2575 samples/s | loss: 13.913, gen: 3.726, dis: 1.347, KLD: 0.085, DIV_REG: -0.908, 
2024-10-02 10:48:23,716: [VAL] joint mae: 0.02224, accel diff: 0.00341, FGD: 25.338, diversity_score: 91.769, BC: 0.750, BC 0.07: 0.739, Symetric_BC: 1.546, feat_D: 57.988 / 164.7s
2024-10-02 10:48:23,717:   *** BEST VALIDATION LOSS: 25.338
2024-10-02 10:48:25,371: Saved the checkpoint
2024-10-02 10:48:43,219: EP 14 (156) |  57m 11s, 2371 samples/s | loss: 13.484, gen: 3.712, dis: 1.349, KLD: 0.085, DIV_REG: -0.926, 
2024-10-02 10:49:01,014: EP 14 (312) |  57m 28s, 2348 samples/s | loss: 13.502, gen: 3.716, dis: 1.349, KLD: 0.086, DIV_REG: -0.934, 
2024-10-02 10:49:19,670: EP 14 (468) |  57m 47s, 2022 samples/s | loss: 13.616, gen: 3.716, dis: 1.349, KLD: 0.086, DIV_REG: -0.947, 
2024-10-02 10:49:37,797: EP 14 (624) |   58m 5s, 2225 samples/s | loss: 13.676, gen: 3.716, dis: 1.349, KLD: 0.086, DIV_REG: -0.943, 
2024-10-02 10:49:56,892: EP 14 (780) |  58m 24s, 2502 samples/s | loss: 13.684, gen: 3.722, dis: 1.349, KLD: 0.086, DIV_REG: -0.957, 
2024-10-02 10:52:36,006: [VAL] joint mae: 0.02221, accel diff: 0.00334, FGD: 25.632, diversity_score: 90.624, BC: 0.750, BC 0.07: 0.739, Symetric_BC: 1.547, feat_D: 57.717 / 158.5s
2024-10-02 10:52:36,007:   best validation loss so far: 25.338 at EPOCH 14
2024-10-02 10:52:54,844: EP 15 (156) |  61m 22s, 2132 samples/s | loss: 13.192, gen: 3.718, dis: 1.349, KLD: 0.087, DIV_REG: -0.968, 
2024-10-02 10:53:11,021: EP 15 (312) |  61m 38s, 2570 samples/s | loss: 13.233, gen: 3.729, dis: 1.348, KLD: 0.088, DIV_REG: -0.976, 
2024-10-02 10:53:26,646: EP 15 (468) |  61m 54s, 2546 samples/s | loss: 13.444, gen: 3.752, dis: 1.343, KLD: 0.088, DIV_REG: -0.980, 
2024-10-02 10:53:42,296: EP 15 (624) |  62m 10s, 2553 samples/s | loss: 13.534, gen: 3.750, dis: 1.344, KLD: 0.088, DIV_REG: -0.987, 
2024-10-02 10:53:57,981: EP 15 (780) |  62m 25s, 2571 samples/s | loss: 13.477, gen: 3.749, dis: 1.344, KLD: 0.088, DIV_REG: -0.993, 
2024-10-02 10:56:43,000: [VAL] joint mae: 0.02237, accel diff: 0.00347, FGD: 21.748, diversity_score: 93.837, BC: 0.749, BC 0.07: 0.739, Symetric_BC: 1.545, feat_D: 58.652 / 164.4s
2024-10-02 10:56:43,002:   *** BEST VALIDATION LOSS: 21.748
2024-10-02 10:56:46,244: Saved the checkpoint
2024-10-02 10:57:04,642: EP 16 (156) |  65m 32s, 2587 samples/s | loss: 12.995, gen: 3.740, dis: 1.344, KLD: 0.089, DIV_REG: -1.012, 
2024-10-02 10:57:20,170: EP 16 (312) |  65m 48s, 2551 samples/s | loss: 13.012, gen: 3.739, dis: 1.345, KLD: 0.090, DIV_REG: -1.019, 
2024-10-02 10:57:35,774: EP 16 (468) |   66m 3s, 2567 samples/s | loss: 13.225, gen: 3.747, dis: 1.344, KLD: 0.090, DIV_REG: -1.033, 
2024-10-02 10:57:51,433: EP 16 (624) |  66m 19s, 2556 samples/s | loss: 13.230, gen: 3.751, dis: 1.345, KLD: 0.090, DIV_REG: -1.021, 
2024-10-02 10:58:07,108: EP 16 (780) |  66m 35s, 2568 samples/s | loss: 13.336, gen: 3.752, dis: 1.342, KLD: 0.090, DIV_REG: -1.031, 
2024-10-02 11:00:50,446: [VAL] joint mae: 0.02283, accel diff: 0.00366, FGD: 18.451, diversity_score: 92.308, BC: 0.749, BC 0.07: 0.741, Symetric_BC: 1.545, feat_D: 59.945 / 162.8s
2024-10-02 11:00:50,447:   *** BEST VALIDATION LOSS: 18.451
2024-10-02 11:00:52,129: Saved the checkpoint
2024-10-02 11:01:08,691: EP 17 (156) |  69m 36s, 2361 samples/s | loss: 12.701, gen: 3.736, dis: 1.345, KLD: 0.091, DIV_REG: -1.057, 
2024-10-02 11:01:26,694: EP 17 (312) |  69m 54s, 2294 samples/s | loss: 12.875, gen: 3.746, dis: 1.346, KLD: 0.091, DIV_REG: -1.059, 
2024-10-02 11:01:43,573: EP 17 (468) |  70m 11s, 2562 samples/s | loss: 12.908, gen: 3.736, dis: 1.344, KLD: 0.092, DIV_REG: -1.056, 
2024-10-02 11:01:59,168: EP 17 (624) |  70m 27s, 2564 samples/s | loss: 13.063, gen: 3.745, dis: 1.344, KLD: 0.092, DIV_REG: -1.070, 
2024-10-02 11:02:14,822: EP 17 (780) |  70m 42s, 2564 samples/s | loss: 13.108, gen: 3.749, dis: 1.344, KLD: 0.092, DIV_REG: -1.077, 
2024-10-02 11:04:58,427: [VAL] joint mae: 0.02280, accel diff: 0.00364, FGD: 20.963, diversity_score: 91.175, BC: 0.755, BC 0.07: 0.747, Symetric_BC: 1.551, feat_D: 59.291 / 163.0s
2024-10-02 11:04:58,428:   best validation loss so far: 18.451 at EPOCH 17
2024-10-02 11:05:14,798: EP 18 (156) |  73m 42s, 2576 samples/s | loss: 12.541, gen: 3.738, dis: 1.345, KLD: 0.092, DIV_REG: -1.090, 
2024-10-02 11:05:30,360: EP 18 (312) |  73m 58s, 2556 samples/s | loss: 12.631, gen: 3.739, dis: 1.347, KLD: 0.093, DIV_REG: -1.091, 
2024-10-02 11:05:46,355: EP 18 (468) |  74m 14s, 2500 samples/s | loss: 12.774, gen: 3.741, dis: 1.344, KLD: 0.093, DIV_REG: -1.101, 
2024-10-02 11:06:02,227: EP 18 (624) |  74m 30s, 2073 samples/s | loss: 12.878, gen: 3.745, dis: 1.343, KLD: 0.093, DIV_REG: -1.115, 
2024-10-02 11:06:19,753: EP 18 (780) |  74m 47s, 2534 samples/s | loss: 12.841, gen: 3.744, dis: 1.344, KLD: 0.093, DIV_REG: -1.110, 
2024-10-02 11:09:00,866: [VAL] joint mae: 0.02297, accel diff: 0.00376, FGD: 17.838, diversity_score: 95.515, BC: 0.755, BC 0.07: 0.747, Symetric_BC: 1.550, feat_D: 60.177 / 160.4s
2024-10-02 11:09:00,867:   *** BEST VALIDATION LOSS: 17.838
2024-10-02 11:09:02,538: Saved the checkpoint
2024-10-02 11:09:19,800: EP 19 (156) |  77m 47s, 2424 samples/s | loss: 12.349, gen: 3.725, dis: 1.347, KLD: 0.093, DIV_REG: -1.134, 
2024-10-02 11:09:36,785: EP 19 (312) |   78m 4s, 2201 samples/s | loss: 12.464, gen: 3.732, dis: 1.347, KLD: 0.094, DIV_REG: -1.139, 
2024-10-02 11:09:55,173: EP 19 (468) |  78m 23s, 2297 samples/s | loss: 12.606, gen: 3.735, dis: 1.345, KLD: 0.094, DIV_REG: -1.154, 
2024-10-02 11:10:13,656: EP 19 (624) |  78m 41s, 2148 samples/s | loss: 12.650, gen: 3.740, dis: 1.344, KLD: 0.094, DIV_REG: -1.137, 
2024-10-02 11:10:32,558: EP 19 (780) |   79m 0s, 2397 samples/s | loss: 12.651, gen: 3.736, dis: 1.345, KLD: 0.094, DIV_REG: -1.149, 
2024-10-02 11:13:14,267: [VAL] joint mae: 0.02313, accel diff: 0.00389, FGD: 15.030, diversity_score: 94.300, BC: 0.756, BC 0.07: 0.750, Symetric_BC: 1.551, feat_D: 60.750 / 160.9s
2024-10-02 11:13:14,268:   *** BEST VALIDATION LOSS: 15.030
2024-10-02 11:13:15,938: Saved the checkpoint
2024-10-02 11:13:34,762: EP 20 (156) |   82m 2s, 2372 samples/s | loss: 12.175, gen: 3.726, dis: 1.347, KLD: 0.095, DIV_REG: -1.171, 
2024-10-02 11:13:52,213: EP 20 (312) |  82m 20s, 2103 samples/s | loss: 12.305, gen: 3.731, dis: 1.346, KLD: 0.095, DIV_REG: -1.169, 
2024-10-02 11:14:09,668: EP 20 (468) |  82m 37s, 2210 samples/s | loss: 12.380, gen: 3.730, dis: 1.347, KLD: 0.096, DIV_REG: -1.176, 
2024-10-02 11:14:26,507: EP 20 (624) |  82m 54s, 2319 samples/s | loss: 12.407, gen: 3.725, dis: 1.346, KLD: 0.096, DIV_REG: -1.179, 
2024-10-02 11:14:44,658: EP 20 (780) |  83m 12s, 2553 samples/s | loss: 12.491, gen: 3.733, dis: 1.347, KLD: 0.096, DIV_REG: -1.190, 
2024-10-02 11:17:28,720: [VAL] joint mae: 0.02336, accel diff: 0.00400, FGD: 15.451, diversity_score: 95.236, BC: 0.757, BC 0.07: 0.751, Symetric_BC: 1.553, feat_D: 61.222 / 163.5s
2024-10-02 11:17:28,721:   best validation loss so far: 15.030 at EPOCH 20
2024-10-02 11:17:48,418: EP 21 (156) |  86m 16s, 2156 samples/s | loss: 11.975, gen: 3.721, dis: 1.349, KLD: 0.097, DIV_REG: -1.194, 
2024-10-02 11:18:09,786: EP 21 (312) |  86m 37s, 2045 samples/s | loss: 12.144, gen: 3.724, dis: 1.348, KLD: 0.097, DIV_REG: -1.219, 
2024-10-02 11:18:29,463: EP 21 (468) |  86m 57s, 2148 samples/s | loss: 12.191, gen: 3.718, dis: 1.349, KLD: 0.098, DIV_REG: -1.220, 
2024-10-02 11:18:47,384: EP 21 (624) |  87m 15s, 2009 samples/s | loss: 12.319, gen: 3.723, dis: 1.347, KLD: 0.097, DIV_REG: -1.227, 
2024-10-02 11:19:05,167: EP 21 (780) |  87m 33s, 2529 samples/s | loss: 12.249, gen: 3.720, dis: 1.350, KLD: 0.098, DIV_REG: -1.220, 
2024-10-02 11:21:49,921: [VAL] joint mae: 0.02340, accel diff: 0.00401, FGD: 16.055, diversity_score: 96.200, BC: 0.757, BC 0.07: 0.751, Symetric_BC: 1.552, feat_D: 61.354 / 164.2s
2024-10-02 11:21:49,922:   best validation loss so far: 15.030 at EPOCH 20
2024-10-02 11:22:08,028: EP 22 (156) |  90m 35s, 2540 samples/s | loss: 11.765, gen: 3.710, dis: 1.350, KLD: 0.098, DIV_REG: -1.233, 
2024-10-02 11:22:24,878: EP 22 (312) |  90m 52s, 2280 samples/s | loss: 11.915, gen: 3.704, dis: 1.351, KLD: 0.098, DIV_REG: -1.245, 
2024-10-02 11:22:43,080: EP 22 (468) |  91m 10s, 2311 samples/s | loss: 12.001, gen: 3.715, dis: 1.349, KLD: 0.098, DIV_REG: -1.249, 
2024-10-02 11:23:00,560: EP 22 (624) |  91m 28s, 2551 samples/s | loss: 12.086, gen: 3.713, dis: 1.350, KLD: 0.098, DIV_REG: -1.246, 
2024-10-02 11:23:16,841: EP 22 (780) |  91m 44s, 2552 samples/s | loss: 12.176, gen: 3.717, dis: 1.349, KLD: 0.098, DIV_REG: -1.244, 
2024-10-02 11:25:57,361: [VAL] joint mae: 0.02321, accel diff: 0.00398, FGD: 14.436, diversity_score: 93.472, BC: 0.757, BC 0.07: 0.751, Symetric_BC: 1.552, feat_D: 61.007 / 159.9s
2024-10-02 11:25:57,362:   *** BEST VALIDATION LOSS: 14.436
2024-10-02 11:25:59,031: Saved the checkpoint
2024-10-02 11:26:16,630: EP 23 (156) |  94m 44s, 2365 samples/s | loss: 11.602, gen: 3.696, dis: 1.352, KLD: 0.099, DIV_REG: -1.266, 
2024-10-02 11:26:34,919: EP 23 (312) |   95m 2s, 2076 samples/s | loss: 11.714, gen: 3.704, dis: 1.353, KLD: 0.099, DIV_REG: -1.265, 
2024-10-02 11:26:52,699: EP 23 (468) |  95m 20s, 2259 samples/s | loss: 11.798, gen: 3.702, dis: 1.351, KLD: 0.099, DIV_REG: -1.277, 
2024-10-02 11:27:10,583: EP 23 (624) |  95m 38s, 2124 samples/s | loss: 11.905, gen: 3.705, dis: 1.350, KLD: 0.099, DIV_REG: -1.271, 
2024-10-02 11:27:28,690: EP 23 (780) |  95m 56s, 2533 samples/s | loss: 12.022, gen: 3.714, dis: 1.349, KLD: 0.099, DIV_REG: -1.274, 
2024-10-02 11:30:12,991: [VAL] joint mae: 0.02327, accel diff: 0.00395, FGD: 14.847, diversity_score: 87.393, BC: 0.758, BC 0.07: 0.751, Symetric_BC: 1.553, feat_D: 60.768 / 163.7s
2024-10-02 11:30:12,992:   best validation loss so far: 14.436 at EPOCH 23
2024-10-02 11:30:29,112: EP 24 (156) |  98m 57s, 2607 samples/s | loss: 11.408, gen: 3.701, dis: 1.353, KLD: 0.100, DIV_REG: -1.289, 
2024-10-02 11:30:44,571: EP 24 (312) |  99m 12s, 2568 samples/s | loss: 11.529, gen: 3.717, dis: 1.349, KLD: 0.100, DIV_REG: -1.284, 
2024-10-02 11:31:00,138: EP 24 (468) |  99m 28s, 2558 samples/s | loss: 11.691, gen: 3.760, dis: 1.342, KLD: 0.100, DIV_REG: -1.283, 
2024-10-02 11:31:16,978: EP 24 (624) |  99m 44s, 2045 samples/s | loss: 11.780, gen: 3.766, dis: 1.343, KLD: 0.100, DIV_REG: -1.281, 
2024-10-02 11:31:36,093: EP 24 (780) |  100m 4s, 2575 samples/s | loss: 11.761, gen: 3.835, dis: 1.333, KLD: 0.100, DIV_REG: -1.243, 
2024-10-02 11:34:20,583: [VAL] joint mae: 0.02325, accel diff: 0.00371, FGD: 17.000, diversity_score: 95.485, BC: 0.753, BC 0.07: 0.744, Symetric_BC: 1.548, feat_D: 60.373 / 163.9s
2024-10-02 11:34:20,584:   best validation loss so far: 14.436 at EPOCH 23
2024-10-02 11:34:39,177: EP 25 (156) |  103m 7s, 2173 samples/s | loss: 11.272, gen: 3.843, dis: 1.335, KLD: 0.100, DIV_REG: -1.258, 
2024-10-02 11:34:57,557: EP 25 (312) | 103m 25s, 1986 samples/s | loss: 11.439, gen: 3.751, dis: 1.343, KLD: 0.100, DIV_REG: -1.271, 
2024-10-02 11:35:16,639: EP 25 (468) | 103m 44s, 2060 samples/s | loss: 11.564, gen: 3.756, dis: 1.340, KLD: 0.101, DIV_REG: -1.260, 
2024-10-02 11:35:35,535: EP 25 (624) |  104m 3s, 2037 samples/s | loss: 11.629, gen: 3.778, dis: 1.342, KLD: 0.101, DIV_REG: -1.264, 
2024-10-02 11:35:54,693: EP 25 (780) | 104m 22s, 2529 samples/s | loss: 11.670, gen: 3.751, dis: 1.342, KLD: 0.101, DIV_REG: -1.272, 
2024-10-02 11:38:36,396: [VAL] joint mae: 0.02329, accel diff: 0.00377, FGD: 15.535, diversity_score: 95.881, BC: 0.754, BC 0.07: 0.748, Symetric_BC: 1.550, feat_D: 60.926 / 161.1s
2024-10-02 11:38:36,397:   best validation loss so far: 14.436 at EPOCH 23
2024-10-02 11:38:54,824: EP 26 (156) | 107m 22s, 2063 samples/s | loss: 11.144, gen: 3.732, dis: 1.346, KLD: 0.101, DIV_REG: -1.279, 
2024-10-02 11:39:14,136: EP 26 (312) | 107m 42s, 2450 samples/s | loss: 11.364, gen: 3.748, dis: 1.343, KLD: 0.101, DIV_REG: -1.293, 
2024-10-02 11:39:31,049: EP 26 (468) | 107m 58s, 2473 samples/s | loss: 11.424, gen: 3.768, dis: 1.341, KLD: 0.102, DIV_REG: -1.303, 
2024-10-02 11:39:49,429: EP 26 (624) | 108m 17s, 2513 samples/s | loss: 11.452, gen: 3.754, dis: 1.344, KLD: 0.101, DIV_REG: -1.296, 
2024-10-02 11:40:05,620: EP 26 (780) | 108m 33s, 2562 samples/s | loss: 11.591, gen: 3.751, dis: 1.343, KLD: 0.101, DIV_REG: -1.308, 
2024-10-02 11:42:45,936: [VAL] joint mae: 0.02354, accel diff: 0.00349, FGD: 13.851, diversity_score: 96.778, BC: 0.743, BC 0.07: 0.735, Symetric_BC: 1.538, feat_D: 61.198 / 159.8s
2024-10-02 11:42:45,938:   *** BEST VALIDATION LOSS: 13.851
2024-10-02 11:42:47,537: Saved the checkpoint
2024-10-02 11:43:04,971: EP 27 (156) | 111m 32s, 2405 samples/s | loss: 10.986, gen: 3.743, dis: 1.347, KLD: 0.101, DIV_REG: -1.305, 
2024-10-02 11:43:21,276: EP 27 (312) | 111m 49s, 2543 samples/s | loss: 11.181, gen: 3.721, dis: 1.348, KLD: 0.102, DIV_REG: -1.311, 
2024-10-02 11:43:36,933: EP 27 (468) |  112m 4s, 2563 samples/s | loss: 11.270, gen: 3.724, dis: 1.347, KLD: 0.102, DIV_REG: -1.320, 
2024-10-02 11:43:52,630: EP 27 (624) | 112m 20s, 2556 samples/s | loss: 11.342, gen: 3.730, dis: 1.346, KLD: 0.102, DIV_REG: -1.321, 
2024-10-02 11:44:08,506: EP 27 (780) | 112m 36s, 2563 samples/s | loss: 11.432, gen: 3.725, dis: 1.347, KLD: 0.102, DIV_REG: -1.327, 
2024-10-02 11:46:53,128: [VAL] joint mae: 0.02362, accel diff: 0.00353, FGD: 12.528, diversity_score: 95.671, BC: 0.744, BC 0.07: 0.737, Symetric_BC: 1.540, feat_D: 61.844 / 164.1s
2024-10-02 11:46:53,130:   *** BEST VALIDATION LOSS: 12.528
2024-10-02 11:46:54,915: Saved the checkpoint
2024-10-02 11:47:13,697: EP 28 (156) | 115m 41s, 2082 samples/s | loss: 10.903, gen: 3.716, dis: 1.348, KLD: 0.102, DIV_REG: -1.344, 
2024-10-02 11:47:31,289: EP 28 (312) | 115m 59s, 2567 samples/s | loss: 10.992, gen: 3.712, dis: 1.348, KLD: 0.101, DIV_REG: -1.327, 
2024-10-02 11:47:47,688: EP 28 (468) | 116m 15s, 2071 samples/s | loss: 11.143, gen: 3.726, dis: 1.348, KLD: 0.102, DIV_REG: -1.343, 
2024-10-02 11:48:05,215: EP 28 (624) | 116m 33s, 2514 samples/s | loss: 11.209, gen: 3.729, dis: 1.346, KLD: 0.102, DIV_REG: -1.352, 
2024-10-02 11:48:20,937: EP 28 (780) | 116m 48s, 2565 samples/s | loss: 11.271, gen: 3.726, dis: 1.348, KLD: 0.103, DIV_REG: -1.344, 
2024-10-02 11:51:04,807: [VAL] joint mae: 0.02355, accel diff: 0.00353, FGD: 14.039, diversity_score: 96.809, BC: 0.747, BC 0.07: 0.739, Symetric_BC: 1.542, feat_D: 61.536 / 163.3s
2024-10-02 11:51:04,808:   best validation loss so far: 12.528 at EPOCH 28
2024-10-02 11:51:22,060: EP 29 (156) | 119m 49s, 2586 samples/s | loss: 10.730, gen: 3.723, dis: 1.348, KLD: 0.103, DIV_REG: -1.350, 
2024-10-02 11:51:38,384: EP 29 (312) |  120m 6s, 2558 samples/s | loss: 10.905, gen: 3.718, dis: 1.348, KLD: 0.103, DIV_REG: -1.366, 
2024-10-02 11:51:54,037: EP 29 (468) | 120m 21s, 2418 samples/s | loss: 11.065, gen: 3.714, dis: 1.349, KLD: 0.103, DIV_REG: -1.374, 
2024-10-02 11:52:10,332: EP 29 (624) | 120m 38s, 2558 samples/s | loss: 11.010, gen: 3.718, dis: 1.350, KLD: 0.103, DIV_REG: -1.364, 
2024-10-02 11:52:26,066: EP 29 (780) | 120m 53s, 2561 samples/s | loss: 11.092, gen: 3.719, dis: 1.348, KLD: 0.103, DIV_REG: -1.371, 
2024-10-02 11:55:08,856: [VAL] joint mae: 0.02362, accel diff: 0.00356, FGD: 12.174, diversity_score: 98.377, BC: 0.743, BC 0.07: 0.736, Symetric_BC: 1.539, feat_D: 61.593 / 162.2s
2024-10-02 11:55:08,857:   *** BEST VALIDATION LOSS: 12.174
2024-10-02 11:55:10,493: Saved the checkpoint
2024-10-02 11:55:26,713: EP 30 (156) | 123m 54s, 2588 samples/s | loss: 10.632, gen: 3.720, dis: 1.350, KLD: 0.103, DIV_REG: -1.393, 
2024-10-02 11:55:42,267: EP 30 (312) | 124m 10s, 2577 samples/s | loss: 10.777, gen: 3.723, dis: 1.351, KLD: 0.104, DIV_REG: -1.386, 
2024-10-02 11:55:57,893: EP 30 (468) | 124m 25s, 2536 samples/s | loss: 10.834, gen: 3.718, dis: 1.349, KLD: 0.104, DIV_REG: -1.385, 
2024-10-02 11:56:13,562: EP 30 (624) | 124m 41s, 2548 samples/s | loss: 10.908, gen: 3.724, dis: 1.349, KLD: 0.104, DIV_REG: -1.385, 
2024-10-02 11:56:29,310: EP 30 (780) | 124m 57s, 2542 samples/s | loss: 10.962, gen: 3.733, dis: 1.349, KLD: 0.104, DIV_REG: -1.387, 
2024-10-02 11:59:12,614: [VAL] joint mae: 0.02377, accel diff: 0.00353, FGD: 12.397, diversity_score: 95.665, BC: 0.744, BC 0.07: 0.737, Symetric_BC: 1.539, feat_D: 61.954 / 162.7s
2024-10-02 11:59:12,615:   best validation loss so far: 12.174 at EPOCH 30
2024-10-02 11:59:29,494: EP 31 (156) | 127m 57s, 2494 samples/s | loss: 10.478, gen: 3.720, dis: 1.352, KLD: 0.104, DIV_REG: -1.398, 
2024-10-02 11:59:45,757: EP 31 (312) | 128m 13s, 2511 samples/s | loss: 10.631, gen: 3.725, dis: 1.349, KLD: 0.104, DIV_REG: -1.414, 
2024-10-02 12:00:01,994: EP 31 (468) | 128m 29s, 2400 samples/s | loss: 10.799, gen: 3.724, dis: 1.350, KLD: 0.105, DIV_REG: -1.413, 
2024-10-02 12:00:20,557: EP 31 (624) | 128m 48s, 2429 samples/s | loss: 10.799, gen: 3.719, dis: 1.351, KLD: 0.105, DIV_REG: -1.416, 
2024-10-02 12:00:37,004: EP 31 (780) |  129m 4s, 2534 samples/s | loss: 10.877, gen: 3.729, dis: 1.350, KLD: 0.104, DIV_REG: -1.420, 
2024-10-02 12:03:23,112: [VAL] joint mae: 0.02356, accel diff: 0.00348, FGD: 12.235, diversity_score: 92.772, BC: 0.742, BC 0.07: 0.734, Symetric_BC: 1.537, feat_D: 61.493 / 165.5s
2024-10-02 12:03:23,113:   best validation loss so far: 12.174 at EPOCH 30
2024-10-02 12:03:40,855: EP 32 (156) |  132m 8s, 2401 samples/s | loss: 10.414, gen: 3.713, dis: 1.350, KLD: 0.105, DIV_REG: -1.440, 
2024-10-02 12:03:58,442: EP 32 (312) | 132m 26s, 2361 samples/s | loss: 10.530, gen: 3.721, dis: 1.351, KLD: 0.105, DIV_REG: -1.421, 
2024-10-02 12:04:16,065: EP 32 (468) | 132m 43s, 2142 samples/s | loss: 10.545, gen: 3.716, dis: 1.352, KLD: 0.105, DIV_REG: -1.422, 
2024-10-02 12:04:34,516: EP 32 (624) |  133m 2s, 2099 samples/s | loss: 10.683, gen: 3.714, dis: 1.351, KLD: 0.105, DIV_REG: -1.435, 
2024-10-02 12:04:52,829: EP 32 (780) | 133m 20s, 2533 samples/s | loss: 10.728, gen: 3.708, dis: 1.350, KLD: 0.105, DIV_REG: -1.447, 
2024-10-02 12:07:33,992: [VAL] joint mae: 0.02390, accel diff: 0.00375, FGD: 11.786, diversity_score: 97.895, BC: 0.736, BC 0.07: 0.729, Symetric_BC: 1.530, feat_D: 62.152 / 160.6s
2024-10-02 12:07:33,995:   *** BEST VALIDATION LOSS: 11.786
2024-10-02 12:07:41,491: Saved the checkpoint
2024-10-02 12:08:03,085: EP 33 (156) | 136m 31s, 1996 samples/s | loss: 10.242, gen: 3.704, dis: 1.352, KLD: 0.106, DIV_REG: -1.454, 
2024-10-02 12:08:21,351: EP 33 (312) | 136m 49s, 2245 samples/s | loss: 10.376, gen: 3.705, dis: 1.351, KLD: 0.105, DIV_REG: -1.442, 
2024-10-02 12:08:38,165: EP 33 (468) |  137m 6s, 2361 samples/s | loss: 10.494, gen: 3.709, dis: 1.352, KLD: 0.105, DIV_REG: -1.435, 
2024-10-02 12:08:55,346: EP 33 (624) | 137m 23s, 2346 samples/s | loss: 10.608, gen: 3.705, dis: 1.351, KLD: 0.106, DIV_REG: -1.447, 
2024-10-02 12:09:11,735: EP 33 (780) | 137m 39s, 2581 samples/s | loss: 10.614, gen: 3.708, dis: 1.351, KLD: 0.106, DIV_REG: -1.451, 
2024-10-02 12:11:51,902: [VAL] joint mae: 0.02369, accel diff: 0.00361, FGD: 12.048, diversity_score: 95.504, BC: 0.736, BC 0.07: 0.727, Symetric_BC: 1.531, feat_D: 61.541 / 159.5s
2024-10-02 12:11:51,903:   best validation loss so far: 11.786 at EPOCH 33
2024-10-02 12:12:10,743: EP 34 (156) | 140m 38s, 1994 samples/s | loss: 10.152, gen: 3.702, dis: 1.354, KLD: 0.106, DIV_REG: -1.469, 
2024-10-02 12:12:29,305: EP 34 (312) | 140m 57s, 2073 samples/s | loss: 10.194, gen: 3.696, dis: 1.353, KLD: 0.106, DIV_REG: -1.463, 
2024-10-02 12:12:47,531: EP 34 (468) | 141m 15s, 2386 samples/s | loss: 10.345, gen: 3.701, dis: 1.352, KLD: 0.106, DIV_REG: -1.456, 
2024-10-02 12:13:04,665: EP 34 (624) | 141m 32s, 2559 samples/s | loss: 10.463, gen: 3.706, dis: 1.350, KLD: 0.106, DIV_REG: -1.462, 
2024-10-02 12:13:20,728: EP 34 (780) | 141m 48s, 2562 samples/s | loss: 10.538, gen: 3.710, dis: 1.349, KLD: 0.107, DIV_REG: -1.478, 
2024-10-02 12:16:01,696: [VAL] joint mae: 0.02388, accel diff: 0.00359, FGD: 11.480, diversity_score: 90.202, BC: 0.736, BC 0.07: 0.728, Symetric_BC: 1.530, feat_D: 61.735 / 160.4s
2024-10-02 12:16:01,697:   *** BEST VALIDATION LOSS: 11.480
2024-10-02 12:16:03,346: Saved the checkpoint
2024-10-02 12:16:20,743: EP 35 (156) | 144m 48s, 2423 samples/s | loss: 10.063, gen: 3.706, dis: 1.353, KLD: 0.107, DIV_REG: -1.484, 
2024-10-02 12:16:36,929: EP 35 (312) |  145m 4s, 2579 samples/s | loss: 10.192, gen: 3.707, dis: 1.352, KLD: 0.107, DIV_REG: -1.489, 
2024-10-02 12:16:52,601: EP 35 (468) | 145m 20s, 2557 samples/s | loss: 10.212, gen: 3.706, dis: 1.351, KLD: 0.107, DIV_REG: -1.479, 
2024-10-02 12:17:08,375: EP 35 (624) | 145m 36s, 2407 samples/s | loss: 10.334, gen: 3.705, dis: 1.352, KLD: 0.107, DIV_REG: -1.484, 
2024-10-02 12:17:24,183: EP 35 (780) | 145m 52s, 2561 samples/s | loss: 10.382, gen: 3.708, dis: 1.353, KLD: 0.107, DIV_REG: -1.481, 
2024-10-02 12:20:07,504: [VAL] joint mae: 0.02383, accel diff: 0.00354, FGD: 12.183, diversity_score: 92.251, BC: 0.731, BC 0.07: 0.722, Symetric_BC: 1.526, feat_D: 61.932 / 162.7s
2024-10-02 12:20:07,505:   best validation loss so far: 11.480 at EPOCH 35
2024-10-02 12:20:24,683: EP 36 (156) | 148m 52s, 2448 samples/s | loss: 9.958, gen: 3.699, dis: 1.353, KLD: 0.107, DIV_REG: -1.500, 
2024-10-02 12:20:41,773: EP 36 (312) |  149m 9s, 2345 samples/s | loss: 10.080, gen: 3.712, dis: 1.352, KLD: 0.107, DIV_REG: -1.486, 
2024-10-02 12:20:59,849: EP 36 (468) | 149m 27s, 2112 samples/s | loss: 10.151, gen: 3.703, dis: 1.352, KLD: 0.108, DIV_REG: -1.502, 
2024-10-02 12:21:18,382: EP 36 (624) | 149m 46s, 2097 samples/s | loss: 10.248, gen: 3.703, dis: 1.352, KLD: 0.108, DIV_REG: -1.501, 
2024-10-02 12:21:38,069: EP 36 (780) |  150m 5s, 2165 samples/s | loss: 10.280, gen: 3.705, dis: 1.353, KLD: 0.108, DIV_REG: -1.501, 
2024-10-02 12:24:17,278: [VAL] joint mae: 0.02399, accel diff: 0.00359, FGD: 12.478, diversity_score: 94.586, BC: 0.730, BC 0.07: 0.722, Symetric_BC: 1.526, feat_D: 62.119 / 158.6s
2024-10-02 12:24:17,279:   best validation loss so far: 11.480 at EPOCH 35
2024-10-02 12:24:34,837: EP 37 (156) |  153m 2s, 2249 samples/s | loss: 9.839, gen: 3.703, dis: 1.353, KLD: 0.108, DIV_REG: -1.510, 
2024-10-02 12:24:52,001: EP 37 (312) | 153m 19s, 2243 samples/s | loss: 9.967, gen: 3.695, dis: 1.353, KLD: 0.108, DIV_REG: -1.510, 
2024-10-02 12:25:09,140: EP 37 (468) | 153m 37s, 2281 samples/s | loss: 10.059, gen: 3.703, dis: 1.352, KLD: 0.108, DIV_REG: -1.502, 
2024-10-02 12:25:26,206: EP 37 (624) | 153m 54s, 2397 samples/s | loss: 10.179, gen: 3.702, dis: 1.353, KLD: 0.108, DIV_REG: -1.515, 
2024-10-02 12:25:44,386: EP 37 (780) | 154m 12s, 2542 samples/s | loss: 10.144, gen: 3.694, dis: 1.354, KLD: 0.108, DIV_REG: -1.513, 
2024-10-02 12:28:28,295: [VAL] joint mae: 0.02397, accel diff: 0.00354, FGD: 11.829, diversity_score: 91.897, BC: 0.729, BC 0.07: 0.721, Symetric_BC: 1.525, feat_D: 62.201 / 163.3s
2024-10-02 12:28:28,296:   best validation loss so far: 11.480 at EPOCH 35
2024-10-02 12:28:45,268: EP 38 (156) | 157m 13s, 1972 samples/s | loss: 9.796, gen: 3.699, dis: 1.352, KLD: 0.108, DIV_REG: -1.536, 
2024-10-02 12:29:09,292: EP 38 (312) | 157m 37s, 2026 samples/s | loss: 9.878, gen: 3.707, dis: 1.352, KLD: 0.108, DIV_REG: -1.519, 
2024-10-02 12:29:31,290: EP 38 (468) | 157m 59s, 2091 samples/s | loss: 9.960, gen: 3.706, dis: 1.352, KLD: 0.108, DIV_REG: -1.533, 
2024-10-02 12:29:49,278: EP 38 (624) | 158m 17s, 2084 samples/s | loss: 10.034, gen: 3.712, dis: 1.353, KLD: 0.108, DIV_REG: -1.530, 
2024-10-02 12:30:06,352: EP 38 (780) | 158m 34s, 2568 samples/s | loss: 10.108, gen: 3.717, dis: 1.350, KLD: 0.108, DIV_REG: -1.528, 
2024-10-02 12:32:49,359: [VAL] joint mae: 0.02403, accel diff: 0.00365, FGD: 11.355, diversity_score: 95.795, BC: 0.728, BC 0.07: 0.720, Symetric_BC: 1.524, feat_D: 62.476 / 162.4s
2024-10-02 12:32:49,360:   *** BEST VALIDATION LOSS: 11.355
2024-10-02 12:32:51,022: Saved the checkpoint
2024-10-02 12:33:08,794: EP 39 (156) | 161m 36s, 2360 samples/s | loss: 9.655, gen: 3.708, dis: 1.351, KLD: 0.109, DIV_REG: -1.539, 
2024-10-02 12:33:25,873: EP 39 (312) | 161m 53s, 2333 samples/s | loss: 9.775, gen: 3.708, dis: 1.352, KLD: 0.108, DIV_REG: -1.539, 
2024-10-02 12:33:42,763: EP 39 (468) | 162m 10s, 2339 samples/s | loss: 9.881, gen: 3.704, dis: 1.351, KLD: 0.108, DIV_REG: -1.535, 
2024-10-02 12:33:59,555: EP 39 (624) | 162m 27s, 2348 samples/s | loss: 9.978, gen: 3.725, dis: 1.349, KLD: 0.108, DIV_REG: -1.543, 
2024-10-02 12:34:16,814: EP 39 (780) | 162m 44s, 2537 samples/s | loss: 10.023, gen: 3.699, dis: 1.353, KLD: 0.109, DIV_REG: -1.548, 
2024-10-02 12:36:56,599: [VAL] joint mae: 0.02388, accel diff: 0.00351, FGD: 11.080, diversity_score: 98.565, BC: 0.728, BC 0.07: 0.719, Symetric_BC: 1.523, feat_D: 62.394 / 159.2s
2024-10-02 12:36:56,600:   *** BEST VALIDATION LOSS: 11.080
2024-10-02 12:36:58,265: Saved the checkpoint
2024-10-02 12:37:16,864: EP 40 (156) | 165m 44s, 2344 samples/s | loss: 9.586, gen: 3.711, dis: 1.352, KLD: 0.109, DIV_REG: -1.558, 
2024-10-02 12:37:34,593: EP 40 (312) |  166m 2s, 2020 samples/s | loss: 9.699, gen: 3.712, dis: 1.352, KLD: 0.109, DIV_REG: -1.561, 
2024-10-02 12:37:52,652: EP 40 (468) | 166m 20s, 1997 samples/s | loss: 9.861, gen: 3.711, dis: 1.351, KLD: 0.108, DIV_REG: -1.544, 
2024-10-02 12:38:10,840: EP 40 (624) | 166m 38s, 2132 samples/s | loss: 9.867, gen: 3.716, dis: 1.351, KLD: 0.109, DIV_REG: -1.546, 
2024-10-02 12:38:29,913: EP 40 (780) | 166m 57s, 2569 samples/s | loss: 9.940, gen: 3.713, dis: 1.351, KLD: 0.109, DIV_REG: -1.564, 
2024-10-02 12:41:15,174: [VAL] joint mae: 0.02406, accel diff: 0.00346, FGD: 10.143, diversity_score: 99.099, BC: 0.725, BC 0.07: 0.715, Symetric_BC: 1.520, feat_D: 62.867 / 164.7s
2024-10-02 12:41:15,175:   *** BEST VALIDATION LOSS: 10.143
2024-10-02 12:41:16,784: Saved the checkpoint
2024-10-02 12:41:36,036: EP 41 (156) |  170m 3s, 2071 samples/s | loss: 9.583, gen: 3.708, dis: 1.351, KLD: 0.110, DIV_REG: -1.592, 
2024-10-02 12:41:53,767: EP 41 (312) | 170m 21s, 2358 samples/s | loss: 9.625, gen: 3.703, dis: 1.352, KLD: 0.110, DIV_REG: -1.571, 
2024-10-02 12:42:11,263: EP 41 (468) | 170m 39s, 2432 samples/s | loss: 9.733, gen: 3.702, dis: 1.353, KLD: 0.110, DIV_REG: -1.577, 
2024-10-02 12:42:28,605: EP 41 (624) | 170m 56s, 2340 samples/s | loss: 9.781, gen: 3.716, dis: 1.352, KLD: 0.109, DIV_REG: -1.576, 
2024-10-02 12:42:46,289: EP 41 (780) | 171m 14s, 2535 samples/s | loss: 9.876, gen: 3.730, dis: 1.350, KLD: 0.109, DIV_REG: -1.580, 
2024-10-02 12:45:25,557: [VAL] joint mae: 0.02416, accel diff: 0.00354, FGD: 10.197, diversity_score: 96.623, BC: 0.724, BC 0.07: 0.716, Symetric_BC: 1.520, feat_D: 63.103 / 158.3s
2024-10-02 12:45:25,558:   best validation loss so far: 10.143 at EPOCH 41
2024-10-02 12:45:41,827: EP 42 (156) |  174m 9s, 2517 samples/s | loss: 9.492, gen: 3.712, dis: 1.352, KLD: 0.110, DIV_REG: -1.590, 
2024-10-02 12:45:58,454: EP 42 (312) | 174m 26s, 2572 samples/s | loss: 9.567, gen: 3.707, dis: 1.351, KLD: 0.110, DIV_REG: -1.592, 
2024-10-02 12:46:14,079: EP 42 (468) | 174m 41s, 2580 samples/s | loss: 9.636, gen: 3.719, dis: 1.351, KLD: 0.110, DIV_REG: -1.584, 
2024-10-02 12:46:29,712: EP 42 (624) | 174m 57s, 2564 samples/s | loss: 9.760, gen: 3.726, dis: 1.349, KLD: 0.110, DIV_REG: -1.582, 
2024-10-02 12:46:45,402: EP 42 (780) | 175m 13s, 2569 samples/s | loss: 9.814, gen: 3.723, dis: 1.349, KLD: 0.110, DIV_REG: -1.589, 
2024-10-02 12:49:25,955: [VAL] joint mae: 0.02389, accel diff: 0.00352, FGD: 10.441, diversity_score: 98.972, BC: 0.722, BC 0.07: 0.713, Symetric_BC: 1.517, feat_D: 62.375 / 160.0s
2024-10-02 12:49:25,956:   best validation loss so far: 10.143 at EPOCH 41
2024-10-02 12:49:43,940: EP 43 (156) | 178m 11s, 2298 samples/s | loss: 9.420, gen: 3.720, dis: 1.351, KLD: 0.110, DIV_REG: -1.599, 
2024-10-02 12:50:03,037: EP 43 (312) | 178m 30s, 2046 samples/s | loss: 9.501, gen: 3.722, dis: 1.348, KLD: 0.110, DIV_REG: -1.590, 
2024-10-02 12:50:23,240: EP 43 (468) | 178m 51s, 2182 samples/s | loss: 9.639, gen: 3.738, dis: 1.346, KLD: 0.110, DIV_REG: -1.589, 
2024-10-02 12:50:42,419: EP 43 (624) | 179m 10s, 2320 samples/s | loss: 9.718, gen: 3.738, dis: 1.346, KLD: 0.111, DIV_REG: -1.602, 
2024-10-02 12:51:00,421: EP 43 (780) | 179m 28s, 2525 samples/s | loss: 9.830, gen: 3.739, dis: 1.348, KLD: 0.111, DIV_REG: -1.606, 
2024-10-02 12:53:42,575: [VAL] joint mae: 0.02394, accel diff: 0.00344, FGD: 10.766, diversity_score: 95.457, BC: 0.726, BC 0.07: 0.717, Symetric_BC: 1.522, feat_D: 62.053 / 161.6s
2024-10-02 12:53:42,576:   best validation loss so far: 10.143 at EPOCH 41
2024-10-02 12:54:01,465: EP 44 (156) | 182m 29s, 2151 samples/s | loss: 9.366, gen: 3.729, dis: 1.349, KLD: 0.110, DIV_REG: -1.609, 
2024-10-02 12:54:19,649: EP 44 (312) | 182m 47s, 2057 samples/s | loss: 9.480, gen: 3.726, dis: 1.349, KLD: 0.110, DIV_REG: -1.609, 
2024-10-02 12:54:38,388: EP 44 (468) |  183m 6s, 2090 samples/s | loss: 9.576, gen: 3.734, dis: 1.346, KLD: 0.111, DIV_REG: -1.610, 
2024-10-02 12:54:57,283: EP 44 (624) | 183m 25s, 2102 samples/s | loss: 9.671, gen: 3.734, dis: 1.347, KLD: 0.110, DIV_REG: -1.604, 
2024-10-02 12:55:16,256: EP 44 (780) | 183m 44s, 2508 samples/s | loss: 9.725, gen: 3.736, dis: 1.347, KLD: 0.111, DIV_REG: -1.625, 
2024-10-02 12:57:55,345: [VAL] joint mae: 0.02386, accel diff: 0.00343, FGD: 12.323, diversity_score: 94.902, BC: 0.732, BC 0.07: 0.721, Symetric_BC: 1.527, feat_D: 62.025 / 158.5s
2024-10-02 12:57:55,346:   best validation loss so far: 10.143 at EPOCH 41
2024-10-02 12:58:11,597: EP 45 (156) | 186m 39s, 2587 samples/s | loss: 9.297, gen: 3.734, dis: 1.347, KLD: 0.111, DIV_REG: -1.625, 
2024-10-02 12:58:27,153: EP 45 (312) | 186m 55s, 2564 samples/s | loss: 9.424, gen: 3.745, dis: 1.347, KLD: 0.111, DIV_REG: -1.620, 
2024-10-02 12:58:42,735: EP 45 (468) | 187m 10s, 2570 samples/s | loss: 9.557, gen: 3.739, dis: 1.348, KLD: 0.111, DIV_REG: -1.634, 
2024-10-02 12:58:58,342: EP 45 (624) | 187m 26s, 2556 samples/s | loss: 9.652, gen: 3.731, dis: 1.348, KLD: 0.111, DIV_REG: -1.639, 
2024-10-02 12:59:13,994: EP 45 (780) | 187m 41s, 2577 samples/s | loss: 9.722, gen: 3.736, dis: 1.347, KLD: 0.112, DIV_REG: -1.645, 
2024-10-02 13:01:58,376: [VAL] joint mae: 0.02419, accel diff: 0.00367, FGD: 10.233, diversity_score: 96.019, BC: 0.731, BC 0.07: 0.722, Symetric_BC: 1.525, feat_D: 62.861 / 163.6s
2024-10-02 13:01:58,377:   best validation loss so far: 10.143 at EPOCH 41
2024-10-02 13:02:17,127: EP 46 (156) | 190m 45s, 2050 samples/s | loss: 9.288, gen: 3.711, dis: 1.351, KLD: 0.112, DIV_REG: -1.648, 
2024-10-02 13:02:35,129: EP 46 (312) |  191m 3s, 2391 samples/s | loss: 9.328, gen: 3.725, dis: 1.350, KLD: 0.112, DIV_REG: -1.648, 
2024-10-02 13:02:53,391: EP 46 (468) | 191m 21s, 2084 samples/s | loss: 9.446, gen: 3.712, dis: 1.352, KLD: 0.112, DIV_REG: -1.647, 
2024-10-02 13:03:09,430: EP 46 (624) | 191m 37s, 2547 samples/s | loss: 9.524, gen: 3.700, dis: 1.352, KLD: 0.112, DIV_REG: -1.656, 
2024-10-02 13:03:25,208: EP 46 (780) | 191m 53s, 2573 samples/s | loss: 9.640, gen: 3.715, dis: 1.351, KLD: 0.112, DIV_REG: -1.645, 
2024-10-02 13:06:04,146: [VAL] joint mae: 0.02405, accel diff: 0.00364, FGD: 10.930, diversity_score: 100.267, BC: 0.727, BC 0.07: 0.716, Symetric_BC: 1.523, feat_D: 62.395 / 158.4s
2024-10-02 13:06:04,148:   best validation loss so far: 10.143 at EPOCH 41
2024-10-02 13:06:21,969: EP 47 (156) | 194m 49s, 2341 samples/s | loss: 9.230, gen: 3.735, dis: 1.349, KLD: 0.112, DIV_REG: -1.644, 
2024-10-02 13:06:38,605: EP 47 (312) |  195m 6s, 2566 samples/s | loss: 9.341, gen: 3.718, dis: 1.352, KLD: 0.112, DIV_REG: -1.640, 
2024-10-02 13:06:54,794: EP 47 (468) | 195m 22s, 2333 samples/s | loss: 9.400, gen: 3.705, dis: 1.353, KLD: 0.112, DIV_REG: -1.653, 
2024-10-02 13:07:11,698: EP 47 (624) | 195m 39s, 2110 samples/s | loss: 9.450, gen: 3.697, dis: 1.355, KLD: 0.113, DIV_REG: -1.662, 
2024-10-02 13:07:29,025: EP 47 (780) | 195m 56s, 2525 samples/s | loss: 9.457, gen: 3.706, dis: 1.355, KLD: 0.113, DIV_REG: -1.665, 
2024-10-02 13:10:12,607: [VAL] joint mae: 0.02386, accel diff: 0.00358, FGD: 10.537, diversity_score: 98.773, BC: 0.727, BC 0.07: 0.717, Symetric_BC: 1.522, feat_D: 62.112 / 163.0s
2024-10-02 13:10:12,608:   best validation loss so far: 10.143 at EPOCH 41
2024-10-02 13:10:29,772: EP 48 (156) | 198m 57s, 2574 samples/s | loss: 9.084, gen: 3.691, dis: 1.355, KLD: 0.113, DIV_REG: -1.671, 
2024-10-02 13:10:47,419: EP 48 (312) | 199m 15s, 1994 samples/s | loss: 9.226, gen: 3.720, dis: 1.351, KLD: 0.112, DIV_REG: -1.651, 
2024-10-02 13:11:05,677: EP 48 (468) | 199m 33s, 2401 samples/s | loss: 9.327, gen: 3.713, dis: 1.351, KLD: 0.112, DIV_REG: -1.664, 
2024-10-02 13:11:24,254: EP 48 (624) | 199m 52s, 2323 samples/s | loss: 9.409, gen: 3.724, dis: 1.350, KLD: 0.112, DIV_REG: -1.659, 
2024-10-02 13:11:43,019: EP 48 (780) | 200m 10s, 2506 samples/s | loss: 9.406, gen: 3.724, dis: 1.351, KLD: 0.112, DIV_REG: -1.656, 
2024-10-02 13:14:26,666: [VAL] joint mae: 0.02384, accel diff: 0.00343, FGD: 10.778, diversity_score: 96.785, BC: 0.728, BC 0.07: 0.717, Symetric_BC: 1.524, feat_D: 61.980 / 163.1s
2024-10-02 13:14:26,668:   best validation loss so far: 10.143 at EPOCH 41
2024-10-02 13:14:45,592: EP 49 (156) | 203m 13s, 2078 samples/s | loss: 9.057, gen: 3.717, dis: 1.353, KLD: 0.112, DIV_REG: -1.675, 
2024-10-02 13:15:02,720: EP 49 (312) | 203m 30s, 2547 samples/s | loss: 9.191, gen: 3.719, dis: 1.351, KLD: 0.112, DIV_REG: -1.675, 
2024-10-02 13:15:18,644: EP 49 (468) | 203m 46s, 2578 samples/s | loss: 9.221, gen: 3.732, dis: 1.351, KLD: 0.112, DIV_REG: -1.662, 
2024-10-02 13:15:34,679: EP 49 (624) |  204m 2s, 2478 samples/s | loss: 9.364, gen: 3.720, dis: 1.350, KLD: 0.113, DIV_REG: -1.688, 
2024-10-02 13:15:50,668: EP 49 (780) | 204m 18s, 2559 samples/s | loss: 9.360, gen: 3.723, dis: 1.350, KLD: 0.113, DIV_REG: -1.678, 
2024-10-02 13:18:29,453: [VAL] joint mae: 0.02412, accel diff: 0.00349, FGD: 10.002, diversity_score: 91.487, BC: 0.725, BC 0.07: 0.716, Symetric_BC: 1.521, feat_D: 62.841 / 158.2s
2024-10-02 13:18:29,454:   *** BEST VALIDATION LOSS: 10.002
2024-10-02 13:18:31,093: Saved the checkpoint
2024-10-02 13:18:50,355: EP 50 (156) | 207m 18s, 2089 samples/s | loss: 9.005, gen: 3.714, dis: 1.353, KLD: 0.113, DIV_REG: -1.695, 
2024-10-02 13:19:08,735: EP 50 (312) | 207m 36s, 2106 samples/s | loss: 9.090, gen: 3.723, dis: 1.351, KLD: 0.113, DIV_REG: -1.674, 
2024-10-02 13:19:27,409: EP 50 (468) | 207m 55s, 2072 samples/s | loss: 9.162, gen: 3.719, dis: 1.351, KLD: 0.113, DIV_REG: -1.695, 
2024-10-02 13:19:45,797: EP 50 (624) | 208m 13s, 2381 samples/s | loss: 9.269, gen: 3.709, dis: 1.352, KLD: 0.113, DIV_REG: -1.682, 
2024-10-02 13:20:04,445: EP 50 (780) | 208m 32s, 2530 samples/s | loss: 9.276, gen: 3.730, dis: 1.350, KLD: 0.114, DIV_REG: -1.687, 
2024-10-02 13:22:47,919: [VAL] joint mae: 0.02435, accel diff: 0.00363, FGD: 9.303, diversity_score: 96.181, BC: 0.727, BC 0.07: 0.718, Symetric_BC: 1.521, feat_D: 62.998 / 162.9s
2024-10-02 13:22:47,920:   *** BEST VALIDATION LOSS: 9.303
2024-10-02 13:22:49,572: Saved the checkpoint
2024-10-02 13:23:07,245: EP 51 (156) | 211m 35s, 2388 samples/s | loss: 8.937, gen: 3.711, dis: 1.351, KLD: 0.113, DIV_REG: -1.692, 
2024-10-02 13:23:24,284: EP 51 (312) | 211m 52s, 2403 samples/s | loss: 9.001, gen: 3.712, dis: 1.352, KLD: 0.113, DIV_REG: -1.691, 
2024-10-02 13:23:42,588: EP 51 (468) | 212m 10s, 2365 samples/s | loss: 9.205, gen: 3.772, dis: 1.345, KLD: 0.114, DIV_REG: -1.699, 
2024-10-02 13:23:59,114: EP 51 (624) | 212m 27s, 2473 samples/s | loss: 9.288, gen: 3.755, dis: 1.346, KLD: 0.114, DIV_REG: -1.707, 
2024-10-02 13:24:15,441: EP 51 (780) | 212m 43s, 2511 samples/s | loss: 9.343, gen: 3.738, dis: 1.347, KLD: 0.115, DIV_REG: -1.713, 
2024-10-02 13:26:57,253: [VAL] joint mae: 0.02444, accel diff: 0.00358, FGD: 9.335, diversity_score: 99.520, BC: 0.724, BC 0.07: 0.715, Symetric_BC: 1.518, feat_D: 63.311 / 161.2s
2024-10-02 13:26:57,254:   best validation loss so far: 9.303 at EPOCH 51
2024-10-02 13:27:14,797: EP 52 (156) | 215m 42s, 2385 samples/s | loss: 8.991, gen: 3.766, dis: 1.344, KLD: 0.115, DIV_REG: -1.732, 
2024-10-02 13:27:32,573: EP 52 (312) |  216m 0s, 2191 samples/s | loss: 9.116, gen: 3.787, dis: 1.340, KLD: 0.116, DIV_REG: -1.739, 
2024-10-02 13:27:51,311: EP 52 (468) | 216m 19s, 1969 samples/s | loss: 9.192, gen: 3.764, dis: 1.344, KLD: 0.115, DIV_REG: -1.733, 
2024-10-02 13:28:10,518: EP 52 (624) | 216m 38s, 2099 samples/s | loss: 9.194, gen: 3.748, dis: 1.347, KLD: 0.116, DIV_REG: -1.746, 
2024-10-02 13:28:27,915: EP 52 (780) | 216m 55s, 2576 samples/s | loss: 9.285, gen: 3.746, dis: 1.346, KLD: 0.116, DIV_REG: -1.750, 
2024-10-02 13:31:07,098: [VAL] joint mae: 0.02468, accel diff: 0.00338, FGD: 8.496, diversity_score: 95.060, BC: 0.724, BC 0.07: 0.714, Symetric_BC: 1.520, feat_D: 63.889 / 158.6s
2024-10-02 13:31:07,100:   *** BEST VALIDATION LOSS: 8.496
2024-10-02 13:31:08,759: Saved the checkpoint
2024-10-02 13:31:25,670: EP 53 (156) | 219m 53s, 2467 samples/s | loss: 8.858, gen: 3.734, dis: 1.349, KLD: 0.116, DIV_REG: -1.757, 
2024-10-02 13:31:41,989: EP 53 (312) |  220m 9s, 2443 samples/s | loss: 8.954, gen: 3.741, dis: 1.350, KLD: 0.116, DIV_REG: -1.740, 
2024-10-02 13:31:58,370: EP 53 (468) | 220m 26s, 2453 samples/s | loss: 9.066, gen: 3.728, dis: 1.350, KLD: 0.115, DIV_REG: -1.746, 
2024-10-02 13:32:14,723: EP 53 (624) | 220m 42s, 2243 samples/s | loss: 9.114, gen: 3.732, dis: 1.349, KLD: 0.115, DIV_REG: -1.743, 
2024-10-02 13:32:31,033: EP 53 (780) | 220m 58s, 2567 samples/s | loss: 9.140, gen: 3.718, dis: 1.351, KLD: 0.115, DIV_REG: -1.738, 
2024-10-02 13:35:14,241: [VAL] joint mae: 0.02408, accel diff: 0.00343, FGD: 10.106, diversity_score: 99.312, BC: 0.726, BC 0.07: 0.716, Symetric_BC: 1.521, feat_D: 62.672 / 162.6s
2024-10-02 13:35:14,242:   best validation loss so far: 8.496 at EPOCH 53
2024-10-02 13:35:32,717: EP 54 (156) |  224m 0s, 2443 samples/s | loss: 8.802, gen: 3.710, dis: 1.352, KLD: 0.115, DIV_REG: -1.746, 
2024-10-02 13:35:50,407: EP 54 (312) | 224m 18s, 2288 samples/s | loss: 8.892, gen: 3.723, dis: 1.351, KLD: 0.115, DIV_REG: -1.755, 
2024-10-02 13:36:08,223: EP 54 (468) | 224m 36s, 2036 samples/s | loss: 9.036, gen: 3.766, dis: 1.344, KLD: 0.115, DIV_REG: -1.736, 
2024-10-02 13:36:26,551: EP 54 (624) | 224m 54s, 2164 samples/s | loss: 9.062, gen: 3.740, dis: 1.347, KLD: 0.115, DIV_REG: -1.745, 
2024-10-02 13:36:45,141: EP 54 (780) | 225m 13s, 2545 samples/s | loss: 9.136, gen: 3.741, dis: 1.348, KLD: 0.116, DIV_REG: -1.761, 
2024-10-02 13:39:28,476: [VAL] joint mae: 0.02436, accel diff: 0.00352, FGD: 8.861, diversity_score: 94.596, BC: 0.724, BC 0.07: 0.714, Symetric_BC: 1.518, feat_D: 63.265 / 162.8s
2024-10-02 13:39:28,478:   best validation loss so far: 8.496 at EPOCH 53
2024-10-02 13:39:45,253: EP 55 (156) | 228m 13s, 2606 samples/s | loss: 8.765, gen: 3.720, dis: 1.351, KLD: 0.116, DIV_REG: -1.761, 
2024-10-02 13:40:00,766: EP 55 (312) | 228m 28s, 2556 samples/s | loss: 8.877, gen: 3.726, dis: 1.350, KLD: 0.115, DIV_REG: -1.770, 
2024-10-02 13:40:16,367: EP 55 (468) | 228m 44s, 2558 samples/s | loss: 8.988, gen: 3.731, dis: 1.349, KLD: 0.115, DIV_REG: -1.758, 
2024-10-02 13:40:31,979: EP 55 (624) | 228m 59s, 2557 samples/s | loss: 9.044, gen: 3.751, dis: 1.346, KLD: 0.116, DIV_REG: -1.758, 
2024-10-02 13:40:47,642: EP 55 (780) | 229m 15s, 2561 samples/s | loss: 9.152, gen: 3.758, dis: 1.344, KLD: 0.116, DIV_REG: -1.769, 
2024-10-02 13:43:31,384: [VAL] joint mae: 0.02426, accel diff: 0.00339, FGD: 9.071, diversity_score: 97.286, BC: 0.723, BC 0.07: 0.712, Symetric_BC: 1.519, feat_D: 62.818 / 163.1s
2024-10-02 13:43:31,385:   best validation loss so far: 8.496 at EPOCH 53
2024-10-02 13:43:47,630: EP 56 (156) | 232m 15s, 2582 samples/s | loss: 8.823, gen: 3.758, dis: 1.348, KLD: 0.117, DIV_REG: -1.778, 
2024-10-02 13:44:03,149: EP 56 (312) | 232m 31s, 2560 samples/s | loss: 8.893, gen: 3.775, dis: 1.343, KLD: 0.117, DIV_REG: -1.779, 
2024-10-02 13:44:18,726: EP 56 (468) | 232m 46s, 2559 samples/s | loss: 8.977, gen: 3.751, dis: 1.345, KLD: 0.116, DIV_REG: -1.768, 
2024-10-02 13:44:34,339: EP 56 (624) |  233m 2s, 2546 samples/s | loss: 9.023, gen: 3.731, dis: 1.348, KLD: 0.116, DIV_REG: -1.775, 
2024-10-02 13:44:49,985: EP 56 (780) | 233m 17s, 2568 samples/s | loss: 9.033, gen: 3.715, dis: 1.353, KLD: 0.116, DIV_REG: -1.776, 
2024-10-02 13:47:30,125: [VAL] joint mae: 0.02437, accel diff: 0.00341, FGD: 9.961, diversity_score: 98.387, BC: 0.724, BC 0.07: 0.714, Symetric_BC: 1.518, feat_D: 62.930 / 159.6s
2024-10-02 13:47:30,126:   best validation loss so far: 8.496 at EPOCH 53
2024-10-02 13:47:49,039: EP 57 (156) | 236m 16s, 2089 samples/s | loss: 8.689, gen: 3.708, dis: 1.352, KLD: 0.115, DIV_REG: -1.761, 
2024-10-02 13:48:07,341: EP 57 (312) | 236m 35s, 2300 samples/s | loss: 8.755, gen: 3.702, dis: 1.354, KLD: 0.115, DIV_REG: -1.764, 
2024-10-02 13:48:25,791: EP 57 (468) | 236m 53s, 2369 samples/s | loss: 8.856, gen: 3.696, dis: 1.354, KLD: 0.115, DIV_REG: -1.754, 
2024-10-02 13:48:44,510: EP 57 (624) | 237m 12s, 1985 samples/s | loss: 8.958, gen: 3.727, dis: 1.350, KLD: 0.115, DIV_REG: -1.773, 
2024-10-02 13:49:03,107: EP 57 (780) | 237m 31s, 2535 samples/s | loss: 8.979, gen: 3.749, dis: 1.348, KLD: 0.116, DIV_REG: -1.774, 
2024-10-02 13:51:44,974: [VAL] joint mae: 0.02399, accel diff: 0.00340, FGD: 9.792, diversity_score: 94.243, BC: 0.722, BC 0.07: 0.710, Symetric_BC: 1.517, feat_D: 62.514 / 161.3s
2024-10-02 13:51:44,975:   best validation loss so far: 8.496 at EPOCH 53
2024-10-02 13:52:03,341: EP 58 (156) | 240m 31s, 2377 samples/s | loss: 8.696, gen: 3.757, dis: 1.347, KLD: 0.116, DIV_REG: -1.771, 
2024-10-02 13:52:20,641: EP 58 (312) | 240m 48s, 2308 samples/s | loss: 8.771, gen: 3.743, dis: 1.348, KLD: 0.117, DIV_REG: -1.776, 
2024-10-02 13:52:38,838: EP 58 (468) |  241m 6s, 2196 samples/s | loss: 8.867, gen: 3.732, dis: 1.351, KLD: 0.117, DIV_REG: -1.781, 
2024-10-02 13:52:57,454: EP 58 (624) | 241m 25s, 2172 samples/s | loss: 8.861, gen: 3.715, dis: 1.353, KLD: 0.117, DIV_REG: -1.781, 
2024-10-02 13:53:15,095: EP 58 (780) | 241m 43s, 2557 samples/s | loss: 8.995, gen: 3.733, dis: 1.349, KLD: 0.117, DIV_REG: -1.790, 
2024-10-02 13:55:57,576: [VAL] joint mae: 0.02444, accel diff: 0.00363, FGD: 9.421, diversity_score: 96.409, BC: 0.717, BC 0.07: 0.706, Symetric_BC: 1.512, feat_D: 63.352 / 161.9s
2024-10-02 13:55:57,577:   best validation loss so far: 8.496 at EPOCH 53
2024-10-02 13:56:15,626: EP 59 (156) | 244m 43s, 2150 samples/s | loss: 8.692, gen: 3.734, dis: 1.351, KLD: 0.118, DIV_REG: -1.805, 
2024-10-02 13:56:33,431: EP 59 (312) |  245m 1s, 2077 samples/s | loss: 8.707, gen: 3.709, dis: 1.352, KLD: 0.118, DIV_REG: -1.820, 
2024-10-02 13:56:51,435: EP 59 (468) | 245m 19s, 2363 samples/s | loss: 8.735, gen: 3.715, dis: 1.354, KLD: 0.118, DIV_REG: -1.808, 
2024-10-02 13:57:09,585: EP 59 (624) | 245m 37s, 2055 samples/s | loss: 8.807, gen: 3.714, dis: 1.354, KLD: 0.117, DIV_REG: -1.807, 
2024-10-02 13:57:26,964: EP 59 (780) | 245m 54s, 2533 samples/s | loss: 8.884, gen: 3.711, dis: 1.354, KLD: 0.117, DIV_REG: -1.803, 
2024-10-02 14:00:09,842: [VAL] joint mae: 0.02391, accel diff: 0.00336, FGD: 10.378, diversity_score: 99.261, BC: 0.719, BC 0.07: 0.707, Symetric_BC: 1.515, feat_D: 62.439 / 162.3s
2024-10-02 14:00:09,844:   best validation loss so far: 8.496 at EPOCH 53
2024-10-02 14:00:11,465: Saved the checkpoint
2024-10-02 14:00:30,539: EP 60 (156) | 248m 58s, 2106 samples/s | loss: 8.617, gen: 3.700, dis: 1.355, KLD: 0.117, DIV_REG: -1.795, 
2024-10-02 14:00:49,197: EP 60 (312) | 249m 17s, 2154 samples/s | loss: 8.602, gen: 3.700, dis: 1.357, KLD: 0.117, DIV_REG: -1.790, 
2024-10-02 14:01:07,621: EP 60 (468) | 249m 35s, 2203 samples/s | loss: 8.744, gen: 3.708, dis: 1.354, KLD: 0.116, DIV_REG: -1.810, 
2024-10-02 14:01:25,779: EP 60 (624) | 249m 53s, 2120 samples/s | loss: 8.732, gen: 3.703, dis: 1.355, KLD: 0.116, DIV_REG: -1.775, 
2024-10-02 14:01:42,967: EP 60 (780) | 250m 10s, 2532 samples/s | loss: 8.840, gen: 3.732, dis: 1.348, KLD: 0.117, DIV_REG: -1.815, 
2024-10-02 14:04:25,186: [VAL] joint mae: 0.02424, accel diff: 0.00358, FGD: 8.864, diversity_score: 94.870, BC: 0.726, BC 0.07: 0.718, Symetric_BC: 1.521, feat_D: 63.157 / 161.7s
2024-10-02 14:04:25,187:   best validation loss so far: 8.496 at EPOCH 53
2024-10-02 14:04:42,909: EP 61 (156) | 253m 10s, 2406 samples/s | loss: 8.502, gen: 3.725, dis: 1.351, KLD: 0.118, DIV_REG: -1.818, 
2024-10-02 14:05:00,481: EP 61 (312) | 253m 28s, 2477 samples/s | loss: 8.677, gen: 3.746, dis: 1.347, KLD: 0.117, DIV_REG: -1.823, 
2024-10-02 14:05:18,389: EP 61 (468) | 253m 46s, 2090 samples/s | loss: 8.739, gen: 3.747, dis: 1.349, KLD: 0.118, DIV_REG: -1.819, 
2024-10-02 14:05:36,292: EP 61 (624) |  254m 4s, 2234 samples/s | loss: 8.834, gen: 3.740, dis: 1.350, KLD: 0.117, DIV_REG: -1.822, 
2024-10-02 14:05:54,655: EP 61 (780) | 254m 22s, 2532 samples/s | loss: 8.867, gen: 3.714, dis: 1.353, KLD: 0.118, DIV_REG: -1.835, 
2024-10-02 14:08:36,653: [VAL] joint mae: 0.02432, accel diff: 0.00354, FGD: 8.390, diversity_score: 98.096, BC: 0.717, BC 0.07: 0.707, Symetric_BC: 1.512, feat_D: 63.503 / 161.4s
2024-10-02 14:08:36,654:   *** BEST VALIDATION LOSS: 8.390
2024-10-02 14:08:38,332: Saved the checkpoint
2024-10-02 14:08:55,250: EP 62 (156) | 257m 23s, 2432 samples/s | loss: 8.502, gen: 3.711, dis: 1.353, KLD: 0.118, DIV_REG: -1.833, 
2024-10-02 14:09:11,554: EP 62 (312) | 257m 39s, 2351 samples/s | loss: 8.599, gen: 3.723, dis: 1.351, KLD: 0.118, DIV_REG: -1.830, 
2024-10-02 14:09:27,773: EP 62 (468) | 257m 55s, 2521 samples/s | loss: 8.635, gen: 3.725, dis: 1.354, KLD: 0.118, DIV_REG: -1.814, 
2024-10-02 14:09:44,117: EP 62 (624) | 258m 12s, 2428 samples/s | loss: 8.713, gen: 3.711, dis: 1.352, KLD: 0.118, DIV_REG: -1.814, 
2024-10-02 14:10:00,445: EP 62 (780) | 258m 28s, 2562 samples/s | loss: 8.766, gen: 3.723, dis: 1.351, KLD: 0.117, DIV_REG: -1.813, 
2024-10-02 14:12:39,048: [VAL] joint mae: 0.02397, accel diff: 0.00344, FGD: 11.725, diversity_score: 94.746, BC: 0.722, BC 0.07: 0.709, Symetric_BC: 1.517, feat_D: 62.048 / 158.0s
2024-10-02 14:12:39,049:   best validation loss so far: 8.390 at EPOCH 62
2024-10-02 14:12:55,239: EP 63 (156) | 261m 23s, 2601 samples/s | loss: 8.444, gen: 3.713, dis: 1.353, KLD: 0.117, DIV_REG: -1.830, 
2024-10-02 14:13:10,781: EP 63 (312) | 261m 38s, 2565 samples/s | loss: 8.493, gen: 3.714, dis: 1.355, KLD: 0.117, DIV_REG: -1.818, 
2024-10-02 14:13:27,082: EP 63 (468) | 261m 54s, 2441 samples/s | loss: 8.597, gen: 3.711, dis: 1.351, KLD: 0.117, DIV_REG: -1.812, 
2024-10-02 14:13:43,376: EP 63 (624) | 262m 11s, 2428 samples/s | loss: 8.609, gen: 3.716, dis: 1.353, KLD: 0.118, DIV_REG: -1.820, 
2024-10-02 14:13:59,875: EP 63 (780) | 262m 27s, 2578 samples/s | loss: 8.692, gen: 3.693, dis: 1.355, KLD: 0.118, DIV_REG: -1.837, 
2024-10-02 14:16:41,290: [VAL] joint mae: 0.02392, accel diff: 0.00334, FGD: 10.660, diversity_score: 95.252, BC: 0.719, BC 0.07: 0.706, Symetric_BC: 1.514, feat_D: 62.384 / 160.8s
2024-10-02 14:16:41,292:   best validation loss so far: 8.390 at EPOCH 62
2024-10-02 14:17:00,447: EP 64 (156) | 265m 28s, 2291 samples/s | loss: 8.338, gen: 3.688, dis: 1.356, KLD: 0.118, DIV_REG: -1.837, 
2024-10-02 14:17:17,856: EP 64 (312) | 265m 45s, 2351 samples/s | loss: 8.490, gen: 3.703, dis: 1.356, KLD: 0.117, DIV_REG: -1.818, 
2024-10-02 14:17:34,583: EP 64 (468) |  266m 2s, 2431 samples/s | loss: 8.500, gen: 3.697, dis: 1.354, KLD: 0.117, DIV_REG: -1.817, 
2024-10-02 14:17:51,442: EP 64 (624) | 266m 19s, 2396 samples/s | loss: 8.612, gen: 3.713, dis: 1.352, KLD: 0.117, DIV_REG: -1.815, 
2024-10-02 14:18:08,012: EP 64 (780) | 266m 35s, 2564 samples/s | loss: 8.683, gen: 3.710, dis: 1.354, KLD: 0.118, DIV_REG: -1.830, 
2024-10-02 14:20:49,150: [VAL] joint mae: 0.02436, accel diff: 0.00355, FGD: 8.163, diversity_score: 101.589, BC: 0.720, BC 0.07: 0.711, Symetric_BC: 1.515, feat_D: 63.557 / 160.5s
2024-10-02 14:20:49,151:   *** BEST VALIDATION LOSS: 8.163
2024-10-02 14:20:50,822: Saved the checkpoint
2024-10-02 14:21:09,347: EP 65 (156) | 269m 37s, 2300 samples/s | loss: 8.327, gen: 3.699, dis: 1.356, KLD: 0.118, DIV_REG: -1.849, 
2024-10-02 14:21:27,437: EP 65 (312) | 269m 55s, 2089 samples/s | loss: 8.438, gen: 3.702, dis: 1.355, KLD: 0.118, DIV_REG: -1.829, 
2024-10-02 14:21:45,839: EP 65 (468) | 270m 13s, 2212 samples/s | loss: 8.472, gen: 3.706, dis: 1.354, KLD: 0.117, DIV_REG: -1.829, 
2024-10-02 14:22:03,523: EP 65 (624) | 270m 31s, 2400 samples/s | loss: 8.596, gen: 3.712, dis: 1.353, KLD: 0.118, DIV_REG: -1.838, 
2024-10-02 14:22:20,535: EP 65 (780) | 270m 48s, 2577 samples/s | loss: 8.609, gen: 3.700, dis: 1.356, KLD: 0.119, DIV_REG: -1.862, 
2024-10-02 14:25:05,032: [VAL] joint mae: 0.02443, accel diff: 0.00354, FGD: 9.415, diversity_score: 96.611, BC: 0.723, BC 0.07: 0.714, Symetric_BC: 1.517, feat_D: 63.107 / 163.9s
2024-10-02 14:25:05,033:   best validation loss so far: 8.163 at EPOCH 65
2024-10-02 14:25:24,477: EP 66 (156) | 273m 52s, 2340 samples/s | loss: 8.345, gen: 3.716, dis: 1.351, KLD: 0.119, DIV_REG: -1.860, 
2024-10-02 14:25:42,293: EP 66 (312) | 274m 10s, 2360 samples/s | loss: 8.439, gen: 3.715, dis: 1.353, KLD: 0.119, DIV_REG: -1.865, 
2024-10-02 14:26:00,397: EP 66 (468) | 274m 28s, 2084 samples/s | loss: 8.472, gen: 3.698, dis: 1.355, KLD: 0.119, DIV_REG: -1.864, 
2024-10-02 14:26:18,559: EP 66 (624) | 274m 46s, 2281 samples/s | loss: 8.568, gen: 3.708, dis: 1.352, KLD: 0.120, DIV_REG: -1.880, 
2024-10-02 14:26:36,238: EP 66 (780) |  275m 4s, 2541 samples/s | loss: 8.579, gen: 3.700, dis: 1.354, KLD: 0.119, DIV_REG: -1.867, 
2024-10-02 14:29:20,200: [VAL] joint mae: 0.02435, accel diff: 0.00347, FGD: 8.948, diversity_score: 100.871, BC: 0.723, BC 0.07: 0.713, Symetric_BC: 1.519, feat_D: 63.222 / 163.4s
2024-10-02 14:29:20,201:   best validation loss so far: 8.163 at EPOCH 65
2024-10-02 14:29:38,625: EP 67 (156) |  278m 6s, 2319 samples/s | loss: 8.232, gen: 3.696, dis: 1.357, KLD: 0.119, DIV_REG: -1.855, 
2024-10-02 14:29:56,343: EP 67 (312) | 278m 24s, 2559 samples/s | loss: 8.341, gen: 3.713, dis: 1.353, KLD: 0.119, DIV_REG: -1.856, 
2024-10-02 14:30:12,693: EP 67 (468) | 278m 40s, 2325 samples/s | loss: 8.481, gen: 3.732, dis: 1.350, KLD: 0.120, DIV_REG: -1.862, 
2024-10-02 14:30:29,120: EP 67 (624) | 278m 57s, 2481 samples/s | loss: 8.506, gen: 3.719, dis: 1.353, KLD: 0.120, DIV_REG: -1.875, 
2024-10-02 14:30:45,095: EP 67 (780) | 279m 13s, 2563 samples/s | loss: 8.567, gen: 3.715, dis: 1.352, KLD: 0.120, DIV_REG: -1.881, 
2024-10-02 14:33:26,929: [VAL] joint mae: 0.02426, accel diff: 0.00344, FGD: 8.900, diversity_score: 100.137, BC: 0.720, BC 0.07: 0.710, Symetric_BC: 1.516, feat_D: 63.466 / 161.1s
2024-10-02 14:33:26,930:   best validation loss so far: 8.163 at EPOCH 65
2024-10-02 14:33:45,466: EP 68 (156) | 282m 13s, 2345 samples/s | loss: 8.246, gen: 3.706, dis: 1.353, KLD: 0.120, DIV_REG: -1.880, 
2024-10-02 14:34:03,585: EP 68 (312) | 282m 31s, 2396 samples/s | loss: 8.351, gen: 3.701, dis: 1.353, KLD: 0.119, DIV_REG: -1.867, 
2024-10-02 14:34:20,822: EP 68 (468) | 282m 48s, 2415 samples/s | loss: 8.411, gen: 3.714, dis: 1.353, KLD: 0.120, DIV_REG: -1.879, 
2024-10-02 14:34:38,185: EP 68 (624) |  283m 6s, 2331 samples/s | loss: 8.503, gen: 3.717, dis: 1.351, KLD: 0.120, DIV_REG: -1.879, 
2024-10-02 14:34:55,482: EP 68 (780) | 283m 23s, 2514 samples/s | loss: 8.524, gen: 3.724, dis: 1.353, KLD: 0.120, DIV_REG: -1.888, 
2024-10-02 14:37:39,011: [VAL] joint mae: 0.02436, accel diff: 0.00357, FGD: 8.904, diversity_score: 100.333, BC: 0.724, BC 0.07: 0.716, Symetric_BC: 1.519, feat_D: 63.251 / 162.9s
2024-10-02 14:37:39,012:   best validation loss so far: 8.163 at EPOCH 65
2024-10-02 14:37:56,030: EP 69 (156) | 286m 23s, 2537 samples/s | loss: 8.193, gen: 3.705, dis: 1.353, KLD: 0.120, DIV_REG: -1.875, 
2024-10-02 14:38:12,287: EP 69 (312) | 286m 40s, 2483 samples/s | loss: 8.347, gen: 3.729, dis: 1.351, KLD: 0.119, DIV_REG: -1.878, 
2024-10-02 14:38:29,047: EP 69 (468) | 286m 56s, 2420 samples/s | loss: 8.402, gen: 3.726, dis: 1.352, KLD: 0.120, DIV_REG: -1.893, 
2024-10-02 14:38:45,597: EP 69 (624) | 287m 13s, 2529 samples/s | loss: 8.474, gen: 3.723, dis: 1.349, KLD: 0.120, DIV_REG: -1.901, 
2024-10-02 14:39:02,065: EP 69 (780) | 287m 29s, 2546 samples/s | loss: 8.509, gen: 3.725, dis: 1.351, KLD: 0.121, DIV_REG: -1.910, 
2024-10-02 14:41:46,170: [VAL] joint mae: 0.02436, accel diff: 0.00347, FGD: 8.855, diversity_score: 99.585, BC: 0.725, BC 0.07: 0.716, Symetric_BC: 1.522, feat_D: 63.467 / 163.5s
2024-10-02 14:41:46,172:   best validation loss so far: 8.163 at EPOCH 65
2024-10-02 14:41:48,561: Saved the checkpoint
2024-10-02 14:42:05,514: EP 70 (156) | 290m 33s, 2584 samples/s | loss: 8.221, gen: 3.734, dis: 1.350, KLD: 0.121, DIV_REG: -1.918, 
2024-10-02 14:42:21,150: EP 70 (312) | 290m 49s, 2580 samples/s | loss: 8.320, gen: 3.722, dis: 1.351, KLD: 0.121, DIV_REG: -1.904, 
2024-10-02 14:42:36,770: EP 70 (468) |  291m 4s, 2567 samples/s | loss: 8.328, gen: 3.707, dis: 1.355, KLD: 0.120, DIV_REG: -1.906, 
2024-10-02 14:42:52,460: EP 70 (624) | 291m 20s, 2546 samples/s | loss: 8.535, gen: 3.718, dis: 1.354, KLD: 0.122, DIV_REG: -1.921, 
2024-10-02 14:43:08,139: EP 70 (780) | 291m 36s, 2571 samples/s | loss: 8.471, gen: 3.708, dis: 1.353, KLD: 0.122, DIV_REG: -1.932, 
2024-10-02 14:45:52,450: [VAL] joint mae: 0.02414, accel diff: 0.00341, FGD: 9.918, diversity_score: 93.875, BC: 0.718, BC 0.07: 0.707, Symetric_BC: 1.514, feat_D: 63.025 / 163.7s
2024-10-02 14:45:52,451:   best validation loss so far: 8.163 at EPOCH 65
2024-10-02 14:46:10,894: EP 71 (156) | 294m 38s, 2105 samples/s | loss: 8.222, gen: 3.737, dis: 1.351, KLD: 0.122, DIV_REG: -1.930, 
2024-10-02 14:46:29,106: EP 71 (312) | 294m 57s, 2073 samples/s | loss: 8.245, gen: 3.719, dis: 1.352, KLD: 0.122, DIV_REG: -1.944, 
2024-10-02 14:46:47,534: EP 71 (468) | 295m 15s, 2194 samples/s | loss: 8.299, gen: 3.710, dis: 1.353, KLD: 0.121, DIV_REG: -1.916, 
2024-10-02 14:47:05,858: EP 71 (624) | 295m 33s, 2103 samples/s | loss: 8.351, gen: 3.707, dis: 1.353, KLD: 0.121, DIV_REG: -1.911, 
2024-10-02 14:47:24,452: EP 71 (780) | 295m 52s, 2581 samples/s | loss: 8.462, gen: 3.714, dis: 1.354, KLD: 0.121, DIV_REG: -1.932, 
2024-10-02 14:50:07,134: [VAL] joint mae: 0.02428, accel diff: 0.00337, FGD: 9.391, diversity_score: 99.922, BC: 0.719, BC 0.07: 0.708, Symetric_BC: 1.514, feat_D: 63.299 / 162.1s
2024-10-02 14:50:07,135:   best validation loss so far: 8.163 at EPOCH 65
2024-10-02 14:50:24,929: EP 72 (156) | 298m 52s, 2481 samples/s | loss: 8.084, gen: 3.704, dis: 1.355, KLD: 0.121, DIV_REG: -1.908, 
2024-10-02 14:50:40,930: EP 72 (312) |  299m 8s, 2540 samples/s | loss: 8.207, gen: 3.735, dis: 1.351, KLD: 0.120, DIV_REG: -1.904, 
2024-10-02 14:50:56,591: EP 72 (468) | 299m 24s, 2549 samples/s | loss: 8.328, gen: 3.714, dis: 1.352, KLD: 0.120, DIV_REG: -1.920, 
2024-10-02 14:51:12,258: EP 72 (624) | 299m 40s, 2528 samples/s | loss: 8.364, gen: 3.722, dis: 1.351, KLD: 0.121, DIV_REG: -1.916, 
2024-10-02 14:51:28,035: EP 72 (780) | 299m 55s, 2578 samples/s | loss: 8.401, gen: 3.721, dis: 1.354, KLD: 0.120, DIV_REG: -1.914, 
2024-10-02 14:54:07,738: [VAL] joint mae: 0.02445, accel diff: 0.00354, FGD: 8.620, diversity_score: 98.032, BC: 0.724, BC 0.07: 0.715, Symetric_BC: 1.519, feat_D: 63.440 / 159.1s
2024-10-02 14:54:07,739:   best validation loss so far: 8.163 at EPOCH 65
2024-10-02 14:54:23,881: EP 73 (156) | 302m 51s, 2589 samples/s | loss: 8.095, gen: 3.697, dis: 1.354, KLD: 0.120, DIV_REG: -1.930, 
2024-10-02 14:54:39,341: EP 73 (312) |  303m 7s, 2600 samples/s | loss: 8.152, gen: 3.699, dis: 1.356, KLD: 0.120, DIV_REG: -1.919, 
2024-10-02 14:54:54,891: EP 73 (468) | 303m 22s, 2554 samples/s | loss: 8.234, gen: 3.697, dis: 1.355, KLD: 0.120, DIV_REG: -1.923, 
2024-10-02 14:55:10,513: EP 73 (624) | 303m 38s, 2549 samples/s | loss: 8.254, gen: 3.713, dis: 1.354, KLD: 0.120, DIV_REG: -1.918, 
2024-10-02 14:55:26,173: EP 73 (780) | 303m 54s, 2556 samples/s | loss: 8.347, gen: 3.698, dis: 1.354, KLD: 0.120, DIV_REG: -1.916, 
2024-10-02 14:57:59,403: [VAL] joint mae: 0.02440, accel diff: 0.00352, FGD: 8.969, diversity_score: 94.658, BC: 0.720, BC 0.07: 0.712, Symetric_BC: 1.515, feat_D: 63.517 / 152.6s
2024-10-02 14:57:59,404:   best validation loss so far: 8.163 at EPOCH 65
2024-10-02 14:58:17,269: EP 74 (156) | 306m 45s, 2381 samples/s | loss: 8.064, gen: 3.712, dis: 1.353, KLD: 0.121, DIV_REG: -1.937, 
2024-10-02 14:58:33,578: EP 74 (312) |  307m 1s, 2445 samples/s | loss: 8.219, gen: 3.733, dis: 1.351, KLD: 0.121, DIV_REG: -1.942, 
2024-10-02 14:58:49,930: EP 74 (468) | 307m 17s, 2452 samples/s | loss: 8.224, gen: 3.707, dis: 1.353, KLD: 0.122, DIV_REG: -1.946, 
2024-10-02 14:59:07,304: EP 74 (624) | 307m 35s, 2413 samples/s | loss: 8.277, gen: 3.709, dis: 1.353, KLD: 0.122, DIV_REG: -1.933, 
2024-10-02 14:59:25,130: EP 74 (780) | 307m 53s, 2533 samples/s | loss: 8.340, gen: 3.720, dis: 1.351, KLD: 0.122, DIV_REG: -1.942, 
2024-10-02 15:02:05,787: [VAL] joint mae: 0.02409, accel diff: 0.00353, FGD: 9.213, diversity_score: 99.668, BC: 0.724, BC 0.07: 0.714, Symetric_BC: 1.519, feat_D: 63.167 / 160.1s
2024-10-02 15:02:05,788:   best validation loss so far: 8.163 at EPOCH 65
2024-10-02 15:02:24,352: EP 75 (156) | 310m 52s, 1879 samples/s | loss: 8.013, gen: 3.709, dis: 1.352, KLD: 0.122, DIV_REG: -1.949, 
2024-10-02 15:02:43,079: EP 75 (312) | 311m 10s, 2142 samples/s | loss: 8.113, gen: 3.724, dis: 1.351, KLD: 0.122, DIV_REG: -1.947, 
2024-10-02 15:03:02,033: EP 75 (468) | 311m 29s, 2077 samples/s | loss: 8.175, gen: 3.733, dis: 1.352, KLD: 0.121, DIV_REG: -1.944, 
2024-10-02 15:03:20,654: EP 75 (624) | 311m 48s, 2103 samples/s | loss: 8.268, gen: 3.728, dis: 1.350, KLD: 0.122, DIV_REG: -1.951, 
2024-10-02 15:03:38,899: EP 75 (780) |  312m 6s, 2542 samples/s | loss: 8.388, gen: 3.729, dis: 1.351, KLD: 0.122, DIV_REG: -1.962, 
2024-10-02 15:06:22,140: [VAL] joint mae: 0.02461, accel diff: 0.00350, FGD: 7.371, diversity_score: 97.963, BC: 0.723, BC 0.07: 0.714, Symetric_BC: 1.519, feat_D: 63.959 / 162.7s
2024-10-02 15:06:22,141:   *** BEST VALIDATION LOSS: 7.371
2024-10-02 15:06:23,862: Saved the checkpoint
2024-10-02 15:06:43,123: EP 76 (156) | 315m 11s, 2350 samples/s | loss: 8.071, gen: 3.723, dis: 1.354, KLD: 0.123, DIV_REG: -1.960, 
2024-10-02 15:07:01,303: EP 76 (312) | 315m 29s, 2333 samples/s | loss: 8.082, gen: 3.724, dis: 1.354, KLD: 0.122, DIV_REG: -1.955, 
2024-10-02 15:07:19,323: EP 76 (468) | 315m 47s, 2261 samples/s | loss: 8.141, gen: 3.716, dis: 1.353, KLD: 0.122, DIV_REG: -1.956, 
2024-10-02 15:07:36,873: EP 76 (624) |  316m 4s, 2400 samples/s | loss: 8.282, gen: 3.723, dis: 1.352, KLD: 0.122, DIV_REG: -1.964, 
2024-10-02 15:07:54,747: EP 76 (780) | 316m 22s, 2538 samples/s | loss: 8.458, gen: 3.748, dis: 1.348, KLD: 0.124, DIV_REG: -2.002, 
2024-10-02 15:10:37,382: [VAL] joint mae: 0.02444, accel diff: 0.00352, FGD: 9.157, diversity_score: 92.731, BC: 0.720, BC 0.07: 0.709, Symetric_BC: 1.516, feat_D: 63.366 / 162.0s
2024-10-02 15:10:37,383:   best validation loss so far: 7.371 at EPOCH 76
2024-10-02 15:10:55,203: EP 77 (156) | 319m 23s, 2376 samples/s | loss: 8.127, gen: 3.760, dis: 1.348, KLD: 0.127, DIV_REG: -2.048, 
2024-10-02 15:11:13,486: EP 77 (312) | 319m 41s, 2019 samples/s | loss: 8.153, gen: 3.736, dis: 1.349, KLD: 0.126, DIV_REG: -2.049, 
2024-10-02 15:11:31,315: EP 77 (468) | 319m 59s, 2329 samples/s | loss: 8.218, gen: 3.733, dis: 1.349, KLD: 0.126, DIV_REG: -2.036, 
2024-10-02 15:11:50,133: EP 77 (624) | 320m 18s, 2123 samples/s | loss: 8.261, gen: 3.724, dis: 1.352, KLD: 0.126, DIV_REG: -2.031, 
2024-10-02 15:12:08,464: EP 77 (780) | 320m 36s, 2552 samples/s | loss: 8.253, gen: 3.723, dis: 1.351, KLD: 0.125, DIV_REG: -2.017, 
2024-10-02 15:14:50,461: [VAL] joint mae: 0.02405, accel diff: 0.00353, FGD: 10.431, diversity_score: 90.022, BC: 0.721, BC 0.07: 0.710, Symetric_BC: 1.514, feat_D: 62.653 / 161.4s
2024-10-02 15:14:50,462:   best validation loss so far: 7.371 at EPOCH 76
2024-10-02 15:15:08,331: EP 78 (156) | 323m 36s, 2482 samples/s | loss: 8.199, gen: 3.743, dis: 1.351, KLD: 0.125, DIV_REG: -2.034, 
2024-10-02 15:15:25,716: EP 78 (312) | 323m 53s, 2067 samples/s | loss: 8.177, gen: 3.726, dis: 1.351, KLD: 0.126, DIV_REG: -2.064, 
2024-10-02 15:15:44,608: EP 78 (468) | 324m 12s, 2112 samples/s | loss: 8.133, gen: 3.717, dis: 1.354, KLD: 0.127, DIV_REG: -2.058, 
2024-10-02 15:16:03,137: EP 78 (624) | 324m 31s, 2033 samples/s | loss: 8.152, gen: 3.712, dis: 1.353, KLD: 0.125, DIV_REG: -2.020, 
2024-10-02 15:16:21,437: EP 78 (780) | 324m 49s, 2473 samples/s | loss: 8.215, gen: 3.734, dis: 1.350, KLD: 0.124, DIV_REG: -2.019, 
2024-10-02 15:19:06,443: [VAL] joint mae: 0.02452, accel diff: 0.00351, FGD: 8.403, diversity_score: 97.572, BC: 0.719, BC 0.07: 0.709, Symetric_BC: 1.513, feat_D: 63.524 / 164.4s
2024-10-02 15:19:06,444:   best validation loss so far: 7.371 at EPOCH 76
2024-10-02 15:19:24,642: EP 79 (156) | 327m 52s, 2460 samples/s | loss: 7.960, gen: 3.736, dis: 1.352, KLD: 0.124, DIV_REG: -2.006, 
2024-10-02 15:19:42,092: EP 79 (312) | 328m 10s, 2092 samples/s | loss: 8.074, gen: 3.713, dis: 1.352, KLD: 0.125, DIV_REG: -2.031, 
2024-10-02 15:19:59,983: EP 79 (468) | 328m 27s, 1936 samples/s | loss: 8.052, gen: 3.703, dis: 1.352, KLD: 0.125, DIV_REG: -2.025, 
2024-10-02 15:20:18,842: EP 79 (624) | 328m 46s, 1979 samples/s | loss: 8.165, gen: 3.725, dis: 1.350, KLD: 0.125, DIV_REG: -2.023, 
2024-10-02 15:20:38,083: EP 79 (780) |  329m 6s, 2458 samples/s | loss: 8.289, gen: 3.733, dis: 1.350, KLD: 0.125, DIV_REG: -2.029, 
2024-10-02 15:23:21,524: [VAL] joint mae: 0.02431, accel diff: 0.00343, FGD: 8.844, diversity_score: 100.453, BC: 0.720, BC 0.07: 0.710, Symetric_BC: 1.516, feat_D: 63.303 / 162.8s
2024-10-02 15:23:21,525:   best validation loss so far: 7.371 at EPOCH 76
2024-10-02 15:23:23,386: Saved the checkpoint
2024-10-02 15:23:39,459: EP 80 (156) |  332m 7s, 2597 samples/s | loss: 7.930, gen: 3.729, dis: 1.351, KLD: 0.125, DIV_REG: -2.020, 
2024-10-02 15:23:54,902: EP 80 (312) | 332m 22s, 2578 samples/s | loss: 8.034, gen: 3.726, dis: 1.352, KLD: 0.125, DIV_REG: -2.031, 
2024-10-02 15:24:10,419: EP 80 (468) | 332m 38s, 2552 samples/s | loss: 8.077, gen: 3.715, dis: 1.352, KLD: 0.124, DIV_REG: -2.020, 
2024-10-02 15:24:27,056: EP 80 (624) | 332m 54s, 2335 samples/s | loss: 8.212, gen: 3.722, dis: 1.351, KLD: 0.125, DIV_REG: -2.002, 
2024-10-02 15:24:45,181: EP 80 (780) | 333m 13s, 2534 samples/s | loss: 8.630, gen: 3.737, dis: 1.351, KLD: 0.130, DIV_REG: -2.105, 
2024-10-02 15:27:27,791: [VAL] joint mae: 0.02457, accel diff: 0.00351, FGD: 8.993, diversity_score: 99.954, BC: 0.719, BC 0.07: 0.708, Symetric_BC: 1.514, feat_D: 63.727 / 162.0s
2024-10-02 15:27:27,793:   best validation loss so far: 7.371 at EPOCH 76
2024-10-02 15:27:44,506: EP 81 (156) | 336m 12s, 2576 samples/s | loss: 8.128, gen: 3.712, dis: 1.353, KLD: 0.134, DIV_REG: -2.178, 
2024-10-02 15:27:59,980: EP 81 (312) | 336m 27s, 2574 samples/s | loss: 8.031, gen: 3.702, dis: 1.354, KLD: 0.132, DIV_REG: -2.129, 
2024-10-02 15:28:15,579: EP 81 (468) | 336m 43s, 2543 samples/s | loss: 8.028, gen: 3.709, dis: 1.355, KLD: 0.130, DIV_REG: -2.095, 
2024-10-02 15:28:31,205: EP 81 (624) | 336m 59s, 2550 samples/s | loss: 8.090, gen: 3.714, dis: 1.353, KLD: 0.129, DIV_REG: -2.085, 
2024-10-02 15:28:46,875: EP 81 (780) | 337m 14s, 2569 samples/s | loss: 8.219, gen: 3.745, dis: 1.349, KLD: 0.128, DIV_REG: -2.059, 
2024-10-02 15:31:24,406: [VAL] joint mae: 0.02419, accel diff: 0.00333, FGD: 10.043, diversity_score: 96.269, BC: 0.715, BC 0.07: 0.704, Symetric_BC: 1.509, feat_D: 62.695 / 156.9s
2024-10-02 15:31:24,407:   best validation loss so far: 7.371 at EPOCH 76
2024-10-02 15:31:42,311: EP 82 (156) | 340m 10s, 2586 samples/s | loss: 7.924, gen: 3.733, dis: 1.349, KLD: 0.128, DIV_REG: -2.063, 
2024-10-02 15:31:58,074: EP 82 (312) | 340m 25s, 2540 samples/s | loss: 7.961, gen: 3.727, dis: 1.350, KLD: 0.127, DIV_REG: -2.062, 
2024-10-02 15:32:15,565: EP 82 (468) | 340m 43s, 2331 samples/s | loss: 8.010, gen: 3.726, dis: 1.352, KLD: 0.126, DIV_REG: -2.065, 
2024-10-02 15:32:34,095: EP 82 (624) |  341m 2s, 2060 samples/s | loss: 8.100, gen: 3.710, dis: 1.352, KLD: 0.127, DIV_REG: -2.065, 
2024-10-02 15:32:52,439: EP 82 (780) | 341m 20s, 2520 samples/s | loss: 8.130, gen: 3.728, dis: 1.349, KLD: 0.127, DIV_REG: -2.068, 
2024-10-02 15:35:36,357: [VAL] joint mae: 0.02425, accel diff: 0.00341, FGD: 9.256, diversity_score: 91.216, BC: 0.716, BC 0.07: 0.703, Symetric_BC: 1.511, feat_D: 63.231 / 163.3s
2024-10-02 15:35:36,362:   best validation loss so far: 7.371 at EPOCH 76
2024-10-02 15:35:57,281: EP 83 (156) | 344m 25s, 2149 samples/s | loss: 7.846, gen: 3.712, dis: 1.354, KLD: 0.127, DIV_REG: -2.063, 
2024-10-02 15:36:16,372: EP 83 (312) | 344m 44s, 2571 samples/s | loss: 7.915, gen: 3.712, dis: 1.354, KLD: 0.126, DIV_REG: -2.057, 
2024-10-02 15:36:33,671: EP 83 (468) |  345m 1s, 2157 samples/s | loss: 7.998, gen: 3.726, dis: 1.352, KLD: 0.126, DIV_REG: -2.054, 
2024-10-02 15:36:53,382: EP 83 (624) | 345m 21s, 2052 samples/s | loss: 8.071, gen: 3.750, dis: 1.347, KLD: 0.126, DIV_REG: -2.039, 
2024-10-02 15:37:12,684: EP 83 (780) | 345m 40s, 2569 samples/s | loss: 8.162, gen: 3.732, dis: 1.349, KLD: 0.126, DIV_REG: -2.074, 
2024-10-02 15:39:49,928: [VAL] joint mae: 0.02462, accel diff: 0.00346, FGD: 7.207, diversity_score: 101.425, BC: 0.716, BC 0.07: 0.706, Symetric_BC: 1.511, feat_D: 64.286 / 156.6s
2024-10-02 15:39:49,929:   *** BEST VALIDATION LOSS: 7.207
2024-10-02 15:39:51,683: Saved the checkpoint
2024-10-02 15:40:08,581: EP 84 (156) | 348m 36s, 2582 samples/s | loss: 7.890, gen: 3.732, dis: 1.351, KLD: 0.126, DIV_REG: -2.075, 
2024-10-02 15:40:24,201: EP 84 (312) | 348m 52s, 2557 samples/s | loss: 7.933, gen: 3.724, dis: 1.352, KLD: 0.127, DIV_REG: -2.075, 
2024-10-02 15:40:39,897: EP 84 (468) |  349m 7s, 2558 samples/s | loss: 7.979, gen: 3.722, dis: 1.352, KLD: 0.127, DIV_REG: -2.073, 
2024-10-02 15:40:55,727: EP 84 (624) | 349m 23s, 2550 samples/s | loss: 8.065, gen: 3.720, dis: 1.352, KLD: 0.126, DIV_REG: -2.066, 
2024-10-02 15:41:11,588: EP 84 (780) | 349m 39s, 2573 samples/s | loss: 8.128, gen: 3.725, dis: 1.351, KLD: 0.126, DIV_REG: -2.070, 
2024-10-02 15:43:55,039: [VAL] joint mae: 0.02460, accel diff: 0.00340, FGD: 8.250, diversity_score: 95.105, BC: 0.714, BC 0.07: 0.703, Symetric_BC: 1.509, feat_D: 63.882 / 162.9s
2024-10-02 15:43:55,040:   best validation loss so far: 7.207 at EPOCH 84
2024-10-02 15:44:12,633: EP 85 (156) | 352m 40s, 2579 samples/s | loss: 7.866, gen: 3.706, dis: 1.354, KLD: 0.126, DIV_REG: -2.058, 
2024-10-02 15:44:28,301: EP 85 (312) | 352m 56s, 2548 samples/s | loss: 7.959, gen: 3.723, dis: 1.351, KLD: 0.126, DIV_REG: -2.068, 
2024-10-02 15:44:44,440: EP 85 (468) | 353m 12s, 2069 samples/s | loss: 8.053, gen: 3.744, dis: 1.349, KLD: 0.127, DIV_REG: -2.083, 
2024-10-02 15:45:02,849: EP 85 (624) | 353m 30s, 2075 samples/s | loss: 8.578, gen: 3.780, dis: 1.343, KLD: 0.130, DIV_REG: -2.134, 
2024-10-02 15:45:21,318: EP 85 (780) | 353m 49s, 2540 samples/s | loss: 8.298, gen: 3.761, dis: 1.348, KLD: 0.134, DIV_REG: -2.188, 
2024-10-02 15:48:05,504: [VAL] joint mae: 0.02433, accel diff: 0.00352, FGD: 8.194, diversity_score: 97.576, BC: 0.721, BC 0.07: 0.711, Symetric_BC: 1.515, feat_D: 63.618 / 163.6s
2024-10-02 15:48:05,505:   best validation loss so far: 7.207 at EPOCH 84
2024-10-02 15:48:21,788: EP 86 (156) | 356m 49s, 2603 samples/s | loss: 7.994, gen: 3.746, dis: 1.348, KLD: 0.134, DIV_REG: -2.206, 
2024-10-02 15:48:37,481: EP 86 (312) |  357m 5s, 2606 samples/s | loss: 8.242, gen: 3.760, dis: 1.345, KLD: 0.134, DIV_REG: -2.208, 
2024-10-02 15:48:53,322: EP 86 (468) | 357m 21s, 2574 samples/s | loss: 8.127, gen: 3.756, dis: 1.346, KLD: 0.136, DIV_REG: -2.236, 
2024-10-02 15:49:09,167: EP 86 (624) | 357m 37s, 2546 samples/s | loss: 8.119, gen: 3.747, dis: 1.349, KLD: 0.135, DIV_REG: -2.228, 
2024-10-02 15:49:24,968: EP 86 (780) | 357m 52s, 2572 samples/s | loss: 8.132, gen: 3.740, dis: 1.349, KLD: 0.134, DIV_REG: -2.215, 
2024-10-02 15:52:05,866: [VAL] joint mae: 0.02443, accel diff: 0.00356, FGD: 8.279, diversity_score: 94.670, BC: 0.714, BC 0.07: 0.703, Symetric_BC: 1.510, feat_D: 63.663 / 160.3s
2024-10-02 15:52:05,867:   best validation loss so far: 7.207 at EPOCH 84
2024-10-02 15:52:24,339: EP 87 (156) | 360m 52s, 2083 samples/s | loss: 7.915, gen: 3.771, dis: 1.346, KLD: 0.134, DIV_REG: -2.219, 
2024-10-02 15:52:42,513: EP 87 (312) | 361m 10s, 1905 samples/s | loss: 7.919, gen: 3.744, dis: 1.349, KLD: 0.133, DIV_REG: -2.191, 
2024-10-02 15:53:01,098: EP 87 (468) | 361m 29s, 2143 samples/s | loss: 8.003, gen: 3.743, dis: 1.347, KLD: 0.132, DIV_REG: -2.183, 
2024-10-02 15:53:19,725: EP 87 (624) | 361m 47s, 2092 samples/s | loss: 8.043, gen: 3.761, dis: 1.347, KLD: 0.131, DIV_REG: -2.170, 
2024-10-02 15:53:37,716: EP 87 (780) |  362m 5s, 2544 samples/s | loss: 8.112, gen: 3.749, dis: 1.349, KLD: 0.132, DIV_REG: -2.197, 
2024-10-02 15:56:21,302: [VAL] joint mae: 0.02442, accel diff: 0.00349, FGD: 8.644, diversity_score: 100.013, BC: 0.716, BC 0.07: 0.705, Symetric_BC: 1.512, feat_D: 63.703 / 163.1s
2024-10-02 15:56:21,303:   best validation loss so far: 7.207 at EPOCH 84
2024-10-02 15:56:40,125: EP 88 (156) |  365m 8s, 2377 samples/s | loss: 7.847, gen: 3.732, dis: 1.349, KLD: 0.131, DIV_REG: -2.189, 
2024-10-02 15:56:58,285: EP 88 (312) | 365m 26s, 2012 samples/s | loss: 7.828, gen: 3.731, dis: 1.350, KLD: 0.131, DIV_REG: -2.171, 
2024-10-02 15:57:16,946: EP 88 (468) | 365m 44s, 2079 samples/s | loss: 7.937, gen: 3.728, dis: 1.353, KLD: 0.131, DIV_REG: -2.169, 
2024-10-02 15:57:35,796: EP 88 (624) |  366m 3s, 2067 samples/s | loss: 7.980, gen: 3.720, dis: 1.352, KLD: 0.130, DIV_REG: -2.160, 
2024-10-02 15:57:54,571: EP 88 (780) | 366m 22s, 2530 samples/s | loss: 7.991, gen: 3.723, dis: 1.350, KLD: 0.129, DIV_REG: -2.134, 
2024-10-02 16:00:35,449: [VAL] joint mae: 0.02434, accel diff: 0.00367, FGD: 8.927, diversity_score: 97.853, BC: 0.716, BC 0.07: 0.706, Symetric_BC: 1.511, feat_D: 63.518 / 160.3s
2024-10-02 16:00:35,450:   best validation loss so far: 7.207 at EPOCH 84
2024-10-02 16:00:51,955: EP 89 (156) | 369m 19s, 2593 samples/s | loss: 7.704, gen: 3.712, dis: 1.354, KLD: 0.129, DIV_REG: -2.120, 
2024-10-02 16:01:07,465: EP 89 (312) | 369m 35s, 2591 samples/s | loss: 7.826, gen: 3.724, dis: 1.352, KLD: 0.128, DIV_REG: -2.118, 
2024-10-02 16:01:23,274: EP 89 (468) | 369m 51s, 2566 samples/s | loss: 7.918, gen: 3.733, dis: 1.349, KLD: 0.128, DIV_REG: -2.100, 
2024-10-02 16:01:39,180: EP 89 (624) |  370m 7s, 2582 samples/s | loss: 7.923, gen: 3.734, dis: 1.351, KLD: 0.128, DIV_REG: -2.088, 
2024-10-02 16:01:55,974: EP 89 (780) | 370m 23s, 2468 samples/s | loss: 8.015, gen: 3.730, dis: 1.350, KLD: 0.127, DIV_REG: -2.110, 
2024-10-02 16:04:40,022: [VAL] joint mae: 0.02457, accel diff: 0.00357, FGD: 8.119, diversity_score: 97.957, BC: 0.718, BC 0.07: 0.708, Symetric_BC: 1.512, feat_D: 64.055 / 163.3s
2024-10-02 16:04:40,024:   best validation loss so far: 7.207 at EPOCH 84
2024-10-02 16:04:41,679: Saved the checkpoint
2024-10-02 16:04:57,956: EP 90 (156) | 373m 25s, 2586 samples/s | loss: 7.754, gen: 3.732, dis: 1.350, KLD: 0.128, DIV_REG: -2.113, 
2024-10-02 16:05:13,445: EP 90 (312) | 373m 41s, 2558 samples/s | loss: 7.830, gen: 3.722, dis: 1.352, KLD: 0.128, DIV_REG: -2.113, 
2024-10-02 16:05:29,044: EP 90 (468) | 373m 56s, 2559 samples/s | loss: 7.908, gen: 3.730, dis: 1.349, KLD: 0.128, DIV_REG: -2.125, 
2024-10-02 16:05:44,661: EP 90 (624) | 374m 12s, 2554 samples/s | loss: 7.956, gen: 3.742, dis: 1.351, KLD: 0.129, DIV_REG: -2.126, 
2024-10-02 16:06:00,291: EP 90 (780) | 374m 28s, 2561 samples/s | loss: 7.990, gen: 3.729, dis: 1.350, KLD: 0.129, DIV_REG: -2.127, 
2024-10-02 16:08:43,111: [VAL] joint mae: 0.02464, accel diff: 0.00353, FGD: 7.510, diversity_score: 98.208, BC: 0.715, BC 0.07: 0.703, Symetric_BC: 1.511, feat_D: 64.366 / 162.2s
2024-10-02 16:08:43,112:   best validation loss so far: 7.207 at EPOCH 84
2024-10-02 16:09:00,415: EP 91 (156) | 377m 28s, 2452 samples/s | loss: 7.766, gen: 3.742, dis: 1.350, KLD: 0.129, DIV_REG: -2.130, 
2024-10-02 16:09:16,755: EP 91 (312) | 377m 44s, 2462 samples/s | loss: 7.887, gen: 3.756, dis: 1.349, KLD: 0.129, DIV_REG: -2.137, 
2024-10-02 16:09:33,702: EP 91 (468) |  378m 1s, 2471 samples/s | loss: 7.933, gen: 3.742, dis: 1.348, KLD: 0.129, DIV_REG: -2.144, 
2024-10-02 16:09:51,033: EP 91 (624) | 378m 18s, 2201 samples/s | loss: 7.987, gen: 3.729, dis: 1.350, KLD: 0.130, DIV_REG: -2.159, 
2024-10-02 16:10:08,784: EP 91 (780) | 378m 36s, 2441 samples/s | loss: 7.984, gen: 3.743, dis: 1.350, KLD: 0.129, DIV_REG: -2.154, 
2024-10-02 16:12:53,095: [VAL] joint mae: 0.02436, accel diff: 0.00349, FGD: 7.926, diversity_score: 95.394, BC: 0.717, BC 0.07: 0.706, Symetric_BC: 1.511, feat_D: 63.822 / 163.6s
2024-10-02 16:12:53,096:   best validation loss so far: 7.207 at EPOCH 84
2024-10-02 16:13:10,516: EP 92 (156) | 381m 38s, 2334 samples/s | loss: 7.732, gen: 3.744, dis: 1.351, KLD: 0.129, DIV_REG: -2.165, 
2024-10-02 16:13:28,192: EP 92 (312) | 381m 56s, 2467 samples/s | loss: 7.759, gen: 3.734, dis: 1.350, KLD: 0.128, DIV_REG: -2.138, 
2024-10-02 16:13:46,294: EP 92 (468) | 382m 14s, 2569 samples/s | loss: 7.819, gen: 3.739, dis: 1.350, KLD: 0.128, DIV_REG: -2.133, 
2024-10-02 16:14:02,662: EP 92 (624) | 382m 30s, 2149 samples/s | loss: 8.033, gen: 3.757, dis: 1.349, KLD: 0.129, DIV_REG: -2.160, 
2024-10-02 16:14:18,622: EP 92 (780) | 382m 46s, 2567 samples/s | loss: 8.012, gen: 3.739, dis: 1.350, KLD: 0.131, DIV_REG: -2.178, 
2024-10-02 16:16:55,134: [VAL] joint mae: 0.02457, accel diff: 0.00355, FGD: 7.598, diversity_score: 100.787, BC: 0.716, BC 0.07: 0.707, Symetric_BC: 1.511, feat_D: 64.209 / 155.9s
2024-10-02 16:16:55,135:   best validation loss so far: 7.207 at EPOCH 84
2024-10-02 16:17:12,950: EP 93 (156) | 385m 40s, 2026 samples/s | loss: 7.715, gen: 3.732, dis: 1.349, KLD: 0.131, DIV_REG: -2.172, 
2024-10-02 16:17:31,375: EP 93 (312) | 385m 59s, 2552 samples/s | loss: 7.880, gen: 3.756, dis: 1.349, KLD: 0.130, DIV_REG: -2.179, 
2024-10-02 16:17:48,330: EP 93 (468) | 386m 16s, 2331 samples/s | loss: 7.904, gen: 3.749, dis: 1.350, KLD: 0.131, DIV_REG: -2.192, 
2024-10-02 16:18:06,159: EP 93 (624) | 386m 34s, 2556 samples/s | loss: 7.947, gen: 3.728, dis: 1.350, KLD: 0.130, DIV_REG: -2.187, 
2024-10-02 16:18:23,406: EP 93 (780) | 386m 51s, 2533 samples/s | loss: 7.942, gen: 3.735, dis: 1.351, KLD: 0.130, DIV_REG: -2.175, 
2024-10-02 16:21:00,959: [VAL] joint mae: 0.02434, accel diff: 0.00347, FGD: 8.780, diversity_score: 90.759, BC: 0.717, BC 0.07: 0.707, Symetric_BC: 1.512, feat_D: 63.428 / 157.0s
2024-10-02 16:21:00,960:   best validation loss so far: 7.207 at EPOCH 84
2024-10-02 16:21:17,497: EP 94 (156) | 389m 45s, 2567 samples/s | loss: 7.695, gen: 3.724, dis: 1.351, KLD: 0.129, DIV_REG: -2.159, 
2024-10-02 16:21:33,136: EP 94 (312) |  390m 1s, 2559 samples/s | loss: 7.770, gen: 3.728, dis: 1.351, KLD: 0.128, DIV_REG: -2.147, 
2024-10-02 16:21:48,855: EP 94 (468) | 390m 16s, 2553 samples/s | loss: 7.781, gen: 3.746, dis: 1.350, KLD: 0.128, DIV_REG: -2.144, 
2024-10-02 16:22:06,318: EP 94 (624) | 390m 34s, 2029 samples/s | loss: 7.856, gen: 3.744, dis: 1.350, KLD: 0.129, DIV_REG: -2.160, 
2024-10-02 16:22:24,315: EP 94 (780) | 390m 52s, 2538 samples/s | loss: 7.898, gen: 3.732, dis: 1.351, KLD: 0.129, DIV_REG: -2.156, 
2024-10-02 16:25:08,109: [VAL] joint mae: 0.02432, accel diff: 0.00342, FGD: 8.130, diversity_score: 101.334, BC: 0.713, BC 0.07: 0.701, Symetric_BC: 1.507, feat_D: 63.624 / 163.2s
2024-10-02 16:25:08,110:   best validation loss so far: 7.207 at EPOCH 84
2024-10-02 16:25:26,384: EP 95 (156) | 393m 54s, 1079 samples/s | loss: 7.652, gen: 3.740, dis: 1.350, KLD: 0.129, DIV_REG: -2.154, 
2024-10-02 16:25:43,590: EP 95 (312) | 394m 11s, 2347 samples/s | loss: 7.698, gen: 3.739, dis: 1.350, KLD: 0.128, DIV_REG: -2.138, 
2024-10-02 16:26:00,999: EP 95 (468) | 394m 28s, 2449 samples/s | loss: 7.781, gen: 3.745, dis: 1.349, KLD: 0.128, DIV_REG: -2.140, 
2024-10-02 16:26:19,381: EP 95 (624) | 394m 47s, 2096 samples/s | loss: 7.811, gen: 3.735, dis: 1.349, KLD: 0.128, DIV_REG: -2.141, 
2024-10-02 16:26:37,083: EP 95 (780) |  395m 4s, 2545 samples/s | loss: 7.916, gen: 3.742, dis: 1.347, KLD: 0.129, DIV_REG: -2.154, 
2024-10-02 16:29:20,775: [VAL] joint mae: 0.02444, accel diff: 0.00344, FGD: 8.617, diversity_score: 97.179, BC: 0.718, BC 0.07: 0.708, Symetric_BC: 1.515, feat_D: 63.566 / 163.1s
2024-10-02 16:29:20,776:   best validation loss so far: 7.207 at EPOCH 84
2024-10-02 16:29:38,848: EP 96 (156) |  398m 6s, 2353 samples/s | loss: 7.672, gen: 3.736, dis: 1.352, KLD: 0.130, DIV_REG: -2.148, 
2024-10-02 16:29:56,991: EP 96 (312) | 398m 24s, 2396 samples/s | loss: 7.695, gen: 3.732, dis: 1.351, KLD: 0.129, DIV_REG: -2.150, 
2024-10-02 16:30:13,899: EP 96 (468) | 398m 41s, 2407 samples/s | loss: 7.792, gen: 3.743, dis: 1.348, KLD: 0.129, DIV_REG: -2.144, 
2024-10-02 16:30:30,183: EP 96 (624) | 398m 58s, 2493 samples/s | loss: 7.926, gen: 3.770, dis: 1.344, KLD: 0.130, DIV_REG: -2.167, 
2024-10-02 16:30:46,400: EP 96 (780) | 399m 14s, 2574 samples/s | loss: 8.252, gen: 3.779, dis: 1.341, KLD: 0.133, DIV_REG: -2.245, 
2024-10-02 16:33:27,767: [VAL] joint mae: 0.02418, accel diff: 0.00368, FGD: 9.945, diversity_score: 101.091, BC: 0.728, BC 0.07: 0.718, Symetric_BC: 1.523, feat_D: 63.137 / 160.8s
2024-10-02 16:33:27,768:   best validation loss so far: 7.207 at EPOCH 84
2024-10-02 16:33:44,023: EP 97 (156) | 402m 11s, 2579 samples/s | loss: 7.956, gen: 3.755, dis: 1.345, KLD: 0.138, DIV_REG: -2.344, 
2024-10-02 16:33:59,501: EP 97 (312) | 402m 27s, 2582 samples/s | loss: 7.953, gen: 3.770, dis: 1.347, KLD: 0.138, DIV_REG: -2.338, 
2024-10-02 16:34:15,910: EP 97 (468) | 402m 43s, 2564 samples/s | loss: 8.045, gen: 3.780, dis: 1.343, KLD: 0.139, DIV_REG: -2.366, 
2024-10-02 16:34:33,731: EP 97 (624) |  403m 1s, 2325 samples/s | loss: 8.015, gen: 3.771, dis: 1.347, KLD: 0.139, DIV_REG: -2.371, 
2024-10-02 16:34:50,962: EP 97 (780) | 403m 18s, 2535 samples/s | loss: 8.077, gen: 3.770, dis: 1.347, KLD: 0.138, DIV_REG: -2.366, 
2024-10-02 16:37:34,129: [VAL] joint mae: 0.02460, accel diff: 0.00357, FGD: 8.014, diversity_score: 101.805, BC: 0.719, BC 0.07: 0.710, Symetric_BC: 1.514, feat_D: 64.140 / 162.4s
2024-10-02 16:37:34,130:   best validation loss so far: 7.207 at EPOCH 84
2024-10-02 16:37:51,682: EP 98 (156) | 406m 19s, 2569 samples/s | loss: 7.715, gen: 3.745, dis: 1.348, KLD: 0.138, DIV_REG: -2.344, 
2024-10-02 16:38:08,647: EP 98 (312) | 406m 36s, 2380 samples/s | loss: 7.954, gen: 3.750, dis: 1.346, KLD: 0.138, DIV_REG: -2.363, 
2024-10-02 16:38:25,960: EP 98 (468) | 406m 53s, 2321 samples/s | loss: 7.929, gen: 3.744, dis: 1.348, KLD: 0.138, DIV_REG: -2.366, 
2024-10-02 16:38:44,053: EP 98 (624) | 407m 11s, 2315 samples/s | loss: 7.914, gen: 3.752, dis: 1.347, KLD: 0.137, DIV_REG: -2.344, 
2024-10-02 16:39:01,542: EP 98 (780) | 407m 29s, 2523 samples/s | loss: 7.986, gen: 3.762, dis: 1.348, KLD: 0.137, DIV_REG: -2.342, 
2024-10-02 16:41:44,969: [VAL] joint mae: 0.02434, accel diff: 0.00354, FGD: 8.591, diversity_score: 99.472, BC: 0.715, BC 0.07: 0.704, Symetric_BC: 1.509, feat_D: 63.569 / 162.9s
2024-10-02 16:41:44,970:   best validation loss so far: 7.207 at EPOCH 84
2024-10-02 16:41:46,598: Saved the checkpoint
2024-10-02 16:42:05,534: EP 99 (156) | 410m 33s, 2293 samples/s | loss: 7.705, gen: 3.742, dis: 1.348, KLD: 0.136, DIV_REG: -2.324, 
2024-10-02 16:42:23,840: EP 99 (312) | 410m 51s, 2079 samples/s | loss: 7.769, gen: 3.749, dis: 1.348, KLD: 0.135, DIV_REG: -2.312, 
2024-10-02 16:42:41,694: EP 99 (468) |  411m 9s, 2448 samples/s | loss: 7.780, gen: 3.758, dis: 1.348, KLD: 0.134, DIV_REG: -2.290, 
2024-10-02 16:43:00,099: EP 99 (624) | 411m 28s, 2137 samples/s | loss: 8.013, gen: 3.780, dis: 1.344, KLD: 0.134, DIV_REG: -2.283, 
2024-10-02 16:43:17,403: EP 99 (780) | 411m 45s, 2532 samples/s | loss: 7.985, gen: 3.767, dis: 1.346, KLD: 0.136, DIV_REG: -2.321, 
